Processing 670 docs (sample=False, force=False, workers=12)
[1/670] Neumega (2006) -> Unspecified (medium) :: 
[2/670] VELCADE (2006) -> 2L+ (high) :: who have received at least one prior therapy
[3/670] Gleevec (2006) -> 1L (high) :: for the treatment of pediatric patients with newly diagnosed Philadelphia chromosome positive chronic myelogenous leukem
[4/670] Oncaspar (2006) -> 1L (high) :: for the first-line treatment of patients with acute lymphoblastic leukemia (ALL)
[5/670] Avastin (2006) -> 1L (high) :: for the initial systemic treatment of patients with unresectable, locally advanced, recurrent, or metastatic, non-squamo
[6/670] Zolinza (2006) -> 3L+ (high) :: for the treatment of cutaneous manifestations of cutaneous T-cell lymphoma (CTCL) in patients with progressive, persiste
[7/670] Gleevec (2006) -> Refractory/Relapsed (high) :: Gleevec is indicated as a single agent for the treatment of adult patients with relapsed or refractory Ph+ ALL.
[8/670] Vectibix (2006) -> 2L+ (high) :: with disease progression on or following fluoropyrimidine-, oxaliplatin-, and irinotecan-containing chemotherapy regimen
[9/670] Rituxan (2006) -> 1L (high) :: first-line treatment of patients with low grade or follicular, CD20-positive B-cell non-Hodgkin’s lymphoma, previously u
[10/670] Taxotere Injection Concentrate (2006) -> 1L (high) :: patients with previously untreated inoperable, locally advanced SCCHN
[11/670] Avastin (2006) -> Unspecified (low) :: 
[12/670] Herceptin (2006) -> Adjuvant (high) :: as part of a treatment regimen... for the adjuvant treatment of women with node-positive, HER2-overexpressing breast can
[13/670] Ontak (2006) -> Unspecified (low) :: 
[14/670] Gardasil (2006) -> Unspecified (high) :: 
[15/670] Revlimid (2006) -> 2L (high) :: in patients with multiple myeloma who have received one prior therapy.
[16/670] Gemzar (2006) -> Refractory/Relapsed (high) :: for the treatment of patients with advanced ovarian cancer that has relapsed at least 6 months after completion of plati
[17/670] Avastin (2006) -> 2L (high) :: for the second-line treatment of metastatic carcinoma of the colon or rectum following prior 5-FU and irinotecan-based t
[18/670] Erbitux (2006) -> 2L+ (high) :: for whom prior platinum-based therapy has failed
[19/670] Sprycel (2006) -> 2L+ (high) :: with resistance or intolerance to prior therapy, including imatinib mesylate
[20/670] Dacogen (2006) -> Any line (high) :: for the treatment of patients with myelodysplastic syndromes (MDS) including previously treated and untreated
[21/670] Hycamtin (2006) -> Refractory/Relapsed (high) :: for the treatment of Stage IVB recurrent or persistent carcinoma of the cervix that is not amenable to curative treatmen
[22/670] Thalomid (2006) -> 1L (high) :: Thalidomide (Thalomid) in combination with dexamethasone is approved for the treatment of newly diagnosed multiple myelo
[23/670] Rituxan (2006) -> 1L (high) :: Rituximab was approved for use in the first-line treatment of patients with diffuse large B-cell, CD20-positive, non-Hod
[24/670] Nexavar (2007) -> Refractory/Relapsed (high) :: The indication does not specify a line of therapy, stating treatment for patients with unresectable hepatocellular carci
[25/670] Epogen, Procrit, Aranesp (2007) -> Unspecified (medium) :: 
[26/670] Ixempra (2007) -> 3L+ (high) :: who had previously received an anthracycline, a taxane and capecitabine, and who had disease progression
[27/670] EVISTA (2007) -> Unspecified (medium) :: 
[28/670] Taxotere Injection Concentrate (2007) -> 1L (high) :: for the induction treatment of patients with previously untreated locally advanced SCCHN
[29/670] Sprycel (2007) -> 2L+ (high) :: for the treatment of adults with chronic phase (CP) chronic myeloid leukemia (CML) with resistance or intolerance to pri
[30/670] Erbitux (2007) -> 3L+ (high) :: for the treatment of patients with EGFR-expressing metastatic colorectal cancer (mCRC) after failure of both irinotecan-
[31/670] Fragmin (2007) -> Unspecified (low) :: 
[32/670] Tasigna Capsules (2007) -> Refractory/Relapsed (high) :: for use in the treatment of chronic phase (CP) and accelerated phase (AP) Philadelphia chromosome positive chronic myelo
[33/670] Torisel (2007) -> 1L (high) :: for the treatment of advanced renal cell carcinoma (RCC) in previously untreated patients
[34/670] Totect (2007) -> Unspecified (high) :: 
[35/670] Doxil (2007) -> 2L+ (high) :: patients with multiple myeloma who have not previously received bortezomib and have received at least one prior therapy.
[36/670] Soliris (2007) -> Unspecified (low) :: 
[37/670] SUTENT (2007) -> Unspecified (low) :: 
[38/670] Aranesp (2007) -> Unspecified (medium) :: 
[39/670] Aranesp, Epogen, Procrit (2007) -> Unspecified (low) :: 
[40/670] Tykerb (2007) -> 3L+ (high) :: who have received prior therapy including an anthracycline, a taxane, and trastuzumab
[41/670]  (2008) -> Unspecified (low) :: 
[42/670] Mozobil (2008) -> Unspecified (low) :: 
[43/670] Alimta Injection (2008) -> 1L (high) :: for the initial treatment of patients with locally advanced or metastatic non-squamous non-small cell lung cancer (NSCLC
[44/670] AdreView (2008) -> Unspecified (high) :: 
[45/670] Promacta (2008) -> 2L+ (high) :: who have had an insufficient response to corticosteroids, immunoglobulins, or splenectomy
[46/670] Velcade (2008) -> 1L (high) :: for the initial treatment of patients with multiple myeloma.
[47/670] Gleevec (2008) -> Adjuvant (high) :: approved for the adjuvant treatment of adult patients following complete gross resection of Kit (CD117) positive Gastroi
[48/670] TREANDA (2008) -> 3L+ (high) :: patients with indolent B-cell non-Hodgkin’s lymphoma (NHL) that progressed during or within 6 months of treatment with r
[49/670] Nplate (2008) -> 2L+ (high) :: who have had an insufficient response to corticosteroids, immunoglobulins, or splenectomy
[50/670] Avastin (2008) -> 1L (high) :: for the treatment of patients who have not received chemotherapy for metastatic HER2 negative breast cancer.
[51/670] Treanda (2008) -> 1L (high) :: bendamustine to chlorambucil as first-line treatment for CLL patients.
[52/670] Ontak® (2008) -> 3L+ (high) :: Patients had three or fewer prior therapies.
[53/670] ISTODAX (2009) -> 2L+ (high) :: for the treatment of cutaneous T-cell lymphoma (CTCL) in patients who have received at least one prior systemic therapy.
[54/670] Arzerra (2009) -> Refractory/Relapsed (high) :: for the treatment of patients with chronic lymphocytic leukemia (CLL) refractory to fludarabine and alemtuzumab.
[55/670] Avastin (2009) -> Unspecified (medium) :: 
[56/670] Xgeva (2010) -> Any line (high) :: Denosumab was approved for the prevention of skeletal-related events (SREs) in patients with bone metastases from solid 
[57/670]  (2009) -> Unspecified (low) :: 
[58/670] Avastin (2009) -> 3L+ (high) :: for patients with glioblastoma, with progressive disease following prior therapy
[59/670] Erbitux and Vectibix (2009) -> Unspecified (high) :: Use of cetuximab and panitumumab is not recommended for the treatment of colorectal cancer with KRAS mutations.
[60/670] FOLOTYN (2009) -> 3L+ (high) :: who had relapsed or had progressive disease following prior therapy. The median number of prior systemic therapies was 3
[61/670] AFINITOR (2009) -> 2L+ (high) :: for treatment of patients with advanced renal cell carcinoma after failure of treatment with sunitinib or sorafenib
[62/670] VOTRIENT (2009) -> 1L (high) :: who were treatment naïve or who had received prior cytokine therapy
[63/670] Alimta Injection (2009) -> Maintenance (high) :: for maintenance treatment of patients with locally advanced or metastatic nonsquamous non-small cell lung cancer whose d
[64/670] Afinitor (2010) -> Refractory/Relapsed (high) :: who require therapy but are not candidates for surgical resection
[65/670]  (2010) -> Unspecified (low) :: 
[66/670] Halaven Injection (2010) -> 3L+ (high) :: patients who have previously received an anthracycline and a taxane in either the adjuvant or metastatic setting, and at
[67/670] Sprycel (2010) -> 1L (high) :: for the treatment of newly diagnosed adult patients with Philadelphia chromosome positive chronic myeloid leukemia in ch
[68/670] Herceptin (2010) -> Adjuvant (high) :: Trastuzumab is indicated for the adjuvant treatment of HER2-overexpressing breast cancer.
[69/670] Mylotarg (2010) -> Refractory/Relapsed (high) :: patients with acute myelogenous leukemia (AML) experiencing their first leukemia relapse
[70/670] Jevtana Injection (2010) -> 2L (high) :: for treatment of patients with metastatic hormone-refractory prostate cancer (mHRPC) previously treated with a docetaxel
[71/670] Cysview for Intravesical Solution (2010) -> Refractory/Relapsed (high) :: for patients suspected or known to have lesion(s) on the basis of a prior cystoscopy
[72/670] Tasigna Capsules (2010) -> 1L (high) :: for the treatment of adult patients with newly diagnosed Philadelphia chromosome positive chronic myeloid leukemia (Ph+ 
[73/670]  (2011) -> Unspecified (high) :: 
[74/670] Nplate (2011) -> Unspecified (low) :: 
[75/670] Herceptin (2010) -> 1L (high) :: for the treatment of patients with HER2 overexpressing metastatic gastric or gastroesophageal (GE) junction adenocarcino
[76/670] Tarceva (2010) -> Maintenance (high) :: for maintenance treatment of patients with locally advanced or metastatic non-small cell lung cancer whose disease has n
[77/670] Aranesp, Epogen, Procrit (2010) -> Unspecified (low) :: 
[78/670] Rituxan (2010) -> 2L+ (high) :: Rituximab...was granted approval for the treatment of previously untreated and previously treated patients...
[79/670] Erwinaze (2011) -> 2L+ (high) :: who have developed hypersensitivity to E. coli-derived asparaginase
[80/670] Jakafi (2011) -> 2L+ (high) :: The treatment is for patients with intermediate and high risk myelofibrosis, indicating prior therapies have been receiv
[81/670] Erbitux (2011) -> 1L (high) :: for the first-line treatment of patients with recurrent locoregional disease and/or metastatic squamous cell carcinoma o
[82/670] Ferriprox Tablets (2011) -> Refractory/Relapsed (high) :: for the treatment of patients with transfusional iron overload due to thalassemia syndromes when current chelation thera
[83/670] Soliris® (2011) -> Refractory/Relapsed (high) :: Eculizumab treatment allowed cessation of plasma therapy and maintained renal function, as indicated by stable dialysis 
[84/670] XALKORI Capsules (2011) -> Unspecified (medium) :: 
[85/670] ZELBORAF (2011) -> Unspecified (low) :: 
[86/670] Adcetris (2011) -> Unspecified (low) :: 
[87/670] Tykerb (2010) -> 1L (high) :: patients with hormone receptor-positive metastatic breast cancer who had not received prior therapy for metastatic disea
[88/670] Avastin (2011) -> Adjuvant (high) :: mFOLFOX with Avastin for adjuvant stage II and III colorectal cancer, a use for which Avastin is not approved.
[89/670] Afinitor Tablets (2011) -> 2L+ (high) :: The approval was based on a randomized, controlled trial... Patients were stratified by prior cytotoxic chemotherapy...
[90/670] Prolia (2011) -> Adjuvant (high) :: approved as a treatment to increase bone mass in patients... receiving adjuvant aromatase inhibitor (AI) therapy for bre
[91/670] Sutent Capsules (2011) -> Refractory/Relapsed (high) :: for the treatment of progressive, well-differentiated pancreatic neuroendocrine tumors (pNET) in patients with unresecta
[92/670] Zytiga Tablets (2011) -> 2L+ (high) :: for the treatment of patients with metastatic castration-resistant prostate cancer (mCRPC) who have received prior chemo
[93/670] ZytigaTablets (2012) -> Unspecified (low) :: 
[94/670] Sylatron (2011) -> Adjuvant (high) :: for the treatment of patients with melanoma with microscopic or gross nodal involvement within 84 days of definitive sur
[95/670] Vandetanib Tablets (2011) -> Refractory/Relapsed (high) :: for the treatment of symptomatic or progressive medullary thyroid cancer in patients with unresectable, locally advanced
[96/670] YERVOY (2011) -> 2L+ (high) :: who had received at least one prior systemic treatment for melanoma
[97/670] COMETRIQ capsules (2012) -> Unspecified (low) :: 
[98/670] Rituxan (2011) -> 1L (high) :: maintenance therapy for patients with previously untreated follicular, CD-20 positive, B-cell non-Hodgkin lymphoma
[99/670] Iclusig (2012) -> 2L+ (high) :: for the treatment of adult patients with CML that is resistant or intolerant to prior tyrosine kinase inhibitor therapy
[100/670] ABRAXANE (2012) -> 1L (high) :: for the initial treatment of patients with locally advanced or metastatic non-small cell lung cancer (NSCLC)
[101/670] SYNRIBO (2012) -> 3L+ (high) :: with resistance and/or intolerance to two or more tyrosine kinase inhibitors (TKIs)
[102/670] ALIMTA (2012) -> 1L (high) :: for the initial treatment of patients with locally advanced or metastatic, non-squamous, non-small cell lung cancer
[103/670] XTANDICapsules (2012) -> 2L (high) :: who have previously received docetaxel
[104/670] RituxanInjection (2012) -> Unspecified (low) :: 
[105/670] Stivarga (2012) -> 3L+ (high) :: who have been previously treated with fluoropyrimidine-, oxaliplatin-, and irinotecan-based chemotherapy, an anti-VEGF t
[106/670] Kyprolis (2012) -> 3L+ (high) :: for the treatment of patients with multiple myeloma who have received at least two prior therapies
[107/670] Afinitor tablets (2012) -> Unspecified (medium) :: 
[108/670] PERJETA (2012) -> 1L (high) :: for the treatment of patients with HER2-positive metastatic breast cancer who have not received prior anti-HER2 therapy 
[109/670] Erbitux (2012) -> 1L (high) :: for first-line treatment of patients with K-ras mutation-negative (wild-type), EGFR-expressing metastatic colorectal can
[110/670] VOTRIENT (2012) -> 2L+ (high) :: who have received prior chemotherapy
[111/670]  (2012) -> 2L+ (high) :: Doxil is indicated for the treatment of ovarian cancer... in patients who have not previously received bortezomib and ha
[112/670] Voraxaze (2012) -> Unspecified (high) :: 
[113/670] Gleevec (2012) -> Adjuvant (high) :: for the adjuvant treatment of adult patients following complete gross resection of Kit (CD117) positive Gastrointestinal
[114/670] Zaltrap (2012) -> 2L+ (high) :: for the treatment of patients with metastatic colorectal cancer (mCRC) that is resistant to or has progressed following 
[115/670] ERIVEDGE Capsule (2012) -> Refractory/Relapsed (high) :: for the treatment of adults with metastatic basal cell carcinoma or with locally advanced basal cell carcinoma that has 
[116/670] Inlyta (2012) -> 2L (high) :: for the treatment of advanced renal cell carcinoma after failure of one prior systemic therapy.
[117/670] Afinitor Disperz (2012) -> Unspecified (medium) :: 
[118/670] Iclusig (2013) -> Unspecified (high) :: 
[119/670] IMBRUVICA (2013) -> 2L+ (high) :: who have received at least one prior therapy
[120/670] GAZYVA™ (2013) -> 1L (high) :: for the treatment of patients with previously untreated chronic lymphocytic leukemia (CLL).
[121/670] Xgeva (2013) -> Unspecified (medium) :: 
[122/670] Doxil (2013) -> 2L+ (high) :: Doxil® is indicated for the treatment of ovarian cancer with disease progression after platinum-based chemotherapy.
[123/670] NEXAVAR (2013) -> Refractory/Relapsed (high) :: for the treatment of locally recurrent or metastatic, progressive, differentiated thyroid carcinoma (DTC) refractory to 
[124/670] Abraxane for injectable suspension (2013) -> 1L (high) :: for the first-line treatment of patients with metastatic adenocarcinoma of the pancreas.
[125/670] Gilotrif (2013) -> 1L (high) :: for the first-line treatment of patients with metastatic non-small cell lung cancer (NSCLC)
[126/670] REVLIMID (2013) -> 3L+ (high) :: whose disease has relapsed or progressed after two prior therapies, one of which included bortezomib
[127/670] MEKINIST tablet (2013) -> Refractory/Relapsed (high) :: Trametinib is not indicated for treatment of patients who have received prior BRAF inhibitor therapy.
[128/670] TAFINLAR (2013) -> Unspecified (low) :: 
[129/670] Xofigo Injection (2013) -> Unspecified (low) :: 
[130/670] PERJETA (2013) -> Neoadjuvant (high) :: for the neoadjuvant treatment of patients with HER2-positive, locally advanced, inflammatory, or early stage breast canc
[131/670] Tarceva (2013) -> 1L (high) :: approved for the first-line treatment of metastatic non-small cell lung cancer (NSCLC) patients
[132/670] KADCYLA (2013) -> 3L+ (high) :: who previously received trastuzumab and a taxane, separately or in combination.
[133/670]  (2013) -> 2L+ (high) :: for the treatment of ovarian cancer in patients whose disease has progressed or recurred after platinum-based chemothera
[134/670] Avastin (2013) -> 2L (high) :: whose disease has progressed on a first-line bevacizumab-containing regimen
[135/670] Lynparza (2014) -> 3L+ (high) :: who have been treated with three or more prior lines of chemotherapy
[136/670] Jakafi (2014) -> 2L+ (high) :: who have had an inadequate response to or are intolerant of hydroxyurea (HU)
[137/670] POMALYST capsules (2013) -> 3L+ (high) :: who have received at least two prior therapies, including lenalidomide and bortezomib
[138/670] OPDIVO (2014) -> 3L+ (high) :: disease progression following ipilimumab and, if BRAF V600 mutation positive, a BRAF inhibitor
[139/670] Avastin (2014) -> 2L+ (high) :: All enrolled patients had received no more than two prior chemotherapy regimens
[140/670] Somatuline Depot Injection (2014) -> Refractory/Relapsed (high) :: for the treatment of patients with unresectable, well or moderately differentiated, locally advanced or metastatic gastr
[141/670] Cyramza Injection (2014) -> 2L+ (high) :: for the treatment of patients with metastatic non-small cell lung cancer (NSCLC) with disease progression on or after pl
[142/670] BLINCYTO (2014) -> Refractory/Relapsed (high) :: for the treatment of Philadelphia chromosome-negative relapsed or refractory B-cell precursor acute lymphoblastic leukem
[143/670] Zydelig tablets (2014) -> 3L+ (high) :: who have received at least two prior systemic therapies
[144/670] Cyramza (2014) -> 2L+ (high) :: patients with previously-treated advanced or metastatic gastric or GEJ adenocarcinoma
[145/670] KEYTRUDA (2014) -> 3L+ (high) :: disease progression following ipilimumab and, if BRAF V600 mutation positive, a BRAF inhibitor
[146/670] Avastin (2014) -> 2L+ (high) :: All enrolled patients had GOG performance status of 0 or 1, 80% had received prior radiation and 74% had received prior 
[147/670] BELEODAQ (2014) -> Refractory/Relapsed (high) :: for the treatment of patients with relapsed or refractory peripheral T-cell lymphoma (PTCL)
[148/670] Arzerra Injection (2014) -> 1L (high) :: in combination with chlorambucil, for the treatment of previously untreated patients with chronic lymphocytic leukemia (
[149/670] Sylvant Injection (2014) -> Unspecified (low) :: 
[150/670] IMBRUVICA (2014) -> 2L+ (high) :: who have received at least one prior therapy
[151/670] Purixan (2014) -> Maintenance (high) :: Mercaptopurine contributes to successful maintenance therapy and improved survival of patients with ALL.
[152/670] ZYKADIA (2014) -> 3L+ (high) :: who have received two or more prior therapies for metastatic disease.
[153/670] Mekinist tablets and Tafinlar capsules (2014) -> 1L (high) :: Approval of the combination therapy was based on the demonstration of durable objective responses... in patients with...
[154/670] Cyramza (2014) -> 2L+ (high) :: for the treatment of patients with advanced or metastatic, gastric or GEJ adenocarcinoma with disease progression on or 
[155/670] ALECENSA (2015) -> 2L+ (high) :: who have progressed on or are intolerant to crizotinib
[156/670] KeytrudaInjection (2015) -> 1L (high) :: the initial treatment of patients with unresectable or metastatic melanoma with pembrolizumab.
[157/670] VISTOGARD granules (2015) -> Unspecified (high) :: 
[158/670] NINLARO (2015) -> 2L+ (high) :: for the treatment of patients with multiple myeloma who have received at least one prior therapy.
[159/670] DARZALEX (2015) -> 3L+ (high) :: for the treatment of patients with multiple myeloma who have received at least three prior lines of therapy
[160/670] COTELLIC Tablets (2015) -> 1L (high) :: The approval was based on the demonstration of improved progression-free survival (PFS) in patients with previously untr
[161/670] PORTRAZZA (2015) -> 1L (high) :: first-line treatment of patients with metastatic squamous non-small cell lung cancer (NSCLC) who had not received prior 
[162/670] TAGRISSO (2015) -> 2L+ (high) :: who have progressed on or after EGFR tyrosine kinase inhibitor (TKI) therapy
[163/670] Yervoy Injection (2015) -> Adjuvant (high) :: adjuvant treatment of patients with cutaneous melanoma with pathologic involvement of regional lymph nodes
[164/670] EMPLICITI (2015) -> 2L+ (high) :: for the treatment of patients with multiple myeloma who have received one to three prior therapies.
[165/670] IMLYGIC (2015) -> Refractory/Relapsed (high) :: indicated for the local treatment of unresectable cutaneous, subcutaneous, and nodal lesions in patients with melanoma r
[166/670] Praxbind (2015) -> Unspecified (high) :: 
[167/670] ONIVYDE (2015) -> 2L+ (high) :: for the treatment of patients with metastatic adenocarcinoma of the pancreas whose disease has progressed following gemc
[168/670] KEYTRUDA Injection (2015) -> 3L+ (high) :: with disease progression on or after platinum-containing chemotherapy.
[169/670] Opdivo Injection (2015) -> 2L+ (high) :: for the treatment of patients with metastatic non-small cell lung cancer (NSCLC) with progression on or after platinum-b
[170/670] Opdivo Injection (2015) -> 1L (high) :: for the treatment of patients who were previously untreated for unresectable or metastatic, BRAF V600 wild-type melanoma
[171/670] ADCETRIS (2015) -> Adjuvant (high) :: approved for the post-autologous hematopoietic stem cell transplantation (auto-HSCT) consolidation treatment
[172/670] Promacta (2015) -> 2L+ (high) :: who have had an insufficient response to corticosteroids, immunoglobulins, or splenectomy
[173/670] LONSURF (2015) -> 3L+ (high) :: who have been previously treated with fluoropyrimidine-, oxaliplatin-, and irinotecan-based chemotherapy, an anti-VEGF b
[174/670] Odomzo (2015) -> Refractory/Relapsed (high) :: for the treatment of patients with locally advanced basal cell carcinoma (BCC) that has recurred following surgery or ra
[175/670] Unituxin (2015) -> 2L+ (high) :: who achieve at least a partial response to prior first-line multiagent, multimodality therapy
[176/670] ZARXIO (2015) -> Any line (high) :: approved for the five indications for which US-licensed Neupogen is approved.
[177/670] IRESSA (2015) -> 1L (high) :: The approval of gefitinib was based on the results of a multicenter, single-arm, open-label clinical study of a total of
[178/670]  (2015) -> 2L (high) :: indicated for patients with mCRC that progressed during or within 6 months of discontinuation of bevacizumab-, oxaliplat
[179/670] Kyprolis (2015) -> 2L+ (high) :: for the treatment of patients with relapsed multiple myeloma who have received one to three prior lines of therapy.
[180/670] DARZALEX (2016) -> 2L+ (high) :: for the treatment of patients with multiple myeloma who have received at least one prior therapy.
[181/670] IBRANCE (2015) -> 1L (high) :: for the treatment of postmenopausal women... as initial endocrine-based therapy for their metastatic disease.
[182/670] OPDIVO (2015) -> 2L (high) :: for the treatment of patients with metastatic squamous non-small cell lung cancer (NSCLC) with progression on or after p
[183/670] Mekinist and Tafinlar (2015) -> Any line (high) :: The FDA approved trametinib and dabrafenib for the treatment of patients with unresectable or metastatic melanoma.
[184/670] RUBRACA (2016) -> 3L+ (high) :: who have been treated with two or more chemotherapies
[185/670] FARYDAK (2015) -> 3L+ (high) :: for the treatment of patients with multiple myeloma who have received at least two prior regimens, including bortezomib 
[186/670] Imbruvica Capsules (2015) -> 2L+ (high) :: Ibrutinib was approved for the treatment of patients with Waldenstrom’s macroglobulinemia (WM) who were previously treat
[187/670] Lenvima (2015) -> Refractory/Relapsed (high) :: for the treatment of patients with locally recurrent or metastatic, progressive, radioactive iodine-refractory different
[188/670] OPDIVO Injection (2016) -> 2L+ (high) :: with disease progression on or after a platinum-based therapy
[189/670] cobas EGFR Mutation Test v2 (2016) -> 1L (high) :: to aid physicians in identifying patients who may be treated first with TARCEVA (erlotinib)
[190/670] TARCEVA (2016) -> 2L+ (high) :: patients receiving maintenance or second or greater line treatment
[191/670] KEYTRUDA (2016) -> 1L (high) :: This is the first FDA approval of a checkpoint inhibitor for first-line treatment of lung cancer.
[192/670] Lenvima (2016) -> 2L (high) :: for the treatment of advanced renal cell carcinoma following one prior anti-angiogenic therapy.
[193/670] LARTRUVO (2016) -> 1L (high) :: Sixty-five percent of patients had no prior chemotherapy (excluding adjuvant and neoadjuvant therapy)
[194/670] KEYTRUDA (2016) -> 2L+ (high) :: for the treatment of patients with recurrent or metastatic head and neck squamous cell carcinoma (HNSCC) with disease pr
[195/670] Tecentriq (2016) -> 2L+ (high) :: who have disease progression during or following platinum-containing chemotherapy or have disease progression within 12 
[196/670] VENCLEXTA (2016) -> 2L+ (high) :: who have received at least one prior therapy
[197/670] CABOMETYX (2016) -> 2L+ (high) :: for the treatment of advanced renal cell carcinoma in patients who have received prior anti-angiogenic therapy.
[198/670] Opdivo (2016) -> 3L+ (high) :: patients with classical Hodgkin lymphoma (cHL) that has relapsed or progressed after autologous hematopoietic stem cell 
[199/670] Defitelio (2016) -> Unspecified (low) :: 
[200/670] Xalkori (2016) -> Unspecified (low) :: 
[201/670] Afinitor (2016) -> Refractory/Relapsed (high) :: All patients were required to have evidence of disease progression within 6 months prior to randomization.
[202/670] IBRANCE Capsules (2016) -> 2L+ (high) :: with disease progression following endocrine therapy
[203/670] TECENTRIQ (2016) -> 2L+ (high) :: whose disease progressed during or following platinum-containing chemotherapy.
[204/670] Arzerra Injection (2016) -> 3L+ (high) :: patients who are in complete or partial response after at least two lines of therapy
[205/670] Gazyva Injection (2016) -> Refractory/Relapsed (high) :: for the treatment of patients with follicular lymphoma (FL) who relapsed after, or are refractory to, a rituximab-contai
[206/670] HALAVEN injection (2016) -> 3L+ (high) :: who have received at least two prior systemic chemotherapies (one of which must have included an anthracycline)
[207/670] Siklos (2017) -> 1L (high) :: 141 had not been previously treated with hydroxyurea prior to enrollment.
[208/670] Tasigna (2017) -> 1L (high) :: Patients with newly diagnosed Ph+ CML in the chronic phase...
[209/670] OPDIVO (2017) -> Adjuvant (high) :: for the adjuvant treatment of patients with melanoma with involvement of lymph nodes or in patients with metastatic dise
[210/670] Ogivri (2017) -> Any line (high) :: for the treatment of patients with HER2-overexpressing breast or metastatic stomach cancer
[211/670] PERJETA (2017) -> Adjuvant (high) :: for use in combination with trastuzumab and chemotherapy as adjuvant treatment of patients with HER2-positive early brea
[212/670] Sutent (2017) -> Adjuvant (high) :: for the adjuvant treatment of adult patients at high risk of recurrent renal cell carcinoma following nephrectomy.
[213/670] SPRYCEL (2017) -> 1L (high) :: Fifty-one patients exclusively from the phase 2 trial were newly diagnosed with chronic phase CML.
[214/670] HEMLIBRA (2017) -> 2L+ (high) :: who previously received either episodic (on-demand) or prophylactic treatment with bypassing agents
[215/670] ADCETRIS (2017) -> 2L (high) :: who have received prior systemic therapy
[216/670] FoundationOne CDx (2017) -> Any line (high) :: The test can also identify which patients...may benefit from 15 different FDA-approved targeted treatment options.
[217/670] ZELBORAF (2017) -> Unspecified (low) :: 
[218/670] GAZYVA (2017) -> 1L (high) :: for the treatment of adult patients with previously untreated stage II bulky, III, or IV follicular lymphoma (FL).
[219/670] ALECENSA (2017) -> 1L (high) :: who had not received prior systemic therapy for metastatic disease
[220/670] OPDIVO (2017) -> 2L (high) :: for the treatment of hepatocellular carcinoma (HCC) in patients who have been previously treated with sorafenib.
[221/670] YESCARTA (2017) -> 3L+ (high) :: for the treatment of adult patients with relapsed or refractory large B-cell lymphoma after two or more lines of systemi
[222/670] BEVYXXA (2017) -> Unspecified (high) :: 
[223/670] KEYTRUDA (2017) -> 3L+ (high) :: Patients must have had disease progression on or after two or more prior systemic therapies.
[224/670] VYXEOS (2017) -> 1L (high) :: for the treatment of adults with newly-diagnosed therapy-related AML (t-AML) or AML with myelodysplasia-related changes 
[225/670] JEVTANA (2017) -> 2L+ (high) :: for the treatment of patients with metastatic castration-resistant prostate cancer previously treated with a docetaxel-c
[226/670] Imbruvica (2017) -> 2L+ (high) :: for the treatment of adult patients with chronic graft versus host disease (cGVHD) after failure of one or more lines of
[227/670] KEYTRUDA (2017) -> 2L+ (high) :: for adult and pediatric patients with unresectable or metastatic... that have progressed following prior treatment
[228/670] NERLYNX (2017) -> Adjuvant (high) :: for the extended adjuvant treatment of adult patients with early stage HER2-overexpressed/amplified breast cancer, to fo
[229/670] Mvasi (2017) -> Unspecified (low) :: 
[230/670] RITUXAN HYCELA (2017) -> 2L+ (high) :: Rituxan Hycela treatment should be initiated only after patients have received at least one full dose of a rituximab pro
[231/670] KEYTRUDA (2017) -> 2L+ (high) :: who have disease progression during or following platinum-containing chemotherapy or within 12 months of neoadjuvant or 
[232/670] Cabometyx (2017) -> 1L (high) :: Cabozantinib (Cabometyx) was approved for treatment of patients with advanced renal cell carcinoma (RCC) in the first-li
[233/670] Mylotarg (2017) -> 1L (high) :: for the treatment of newly-diagnosed CD33-positive acute myeloid leukemia (AML) in adults
[234/670] BOSULIF (2017) -> 1L (high) :: for treatment of patients with newly-diagnosed chronic phase (CP) Philadelphia chromosome positive (Ph+) chronic myeloge
[235/670] BESPONSA (2017) -> 2L+ (high) :: who have received one or two previous induction chemotherapy regimens for ALL
[236/670] Calquence (2017) -> 2L+ (high) :: who have received at least one prior therapy
[237/670] IDHIFA (2017) -> Refractory/Relapsed (high) :: for the treatment of adult patients with relapsed or refractory acute myeloid leukemia
[238/670] KYMRIAH (2017) -> 3L+ (high) :: for the treatment of patients up to age 25 years with B-cell precursor acute lymphoblastic leukemia (ALL) that is refrac
[239/670] Gleolan (2017) -> Unspecified (medium) :: 
[240/670] BLINCYTO (2017) -> Refractory/Relapsed (high) :: for the treatment of relapsed or refractory B-cell precursor acute lymphoblastic leukemia (ALL)
[241/670] Endari (2017) -> 3L+ (high) :: who had two or more painful crises within the 12 months prior to enrollment
[242/670] BAVENCIO (2017) -> Refractory/Relapsed (high) :: whose disease progressed during or following platinum-containing chemotherapy or within 12 months of neoadjuvant or adju
[243/670] KEYTRUDA (2017) -> 1L (high) :: for the treatment of patients with previously untreated metastatic non-squamous non-small cell lung cancer (NSCLC)
[244/670] OPDIVO (2017) -> 2L+ (high) :: that has progressed following treatment with a fluoropyrimidine, oxaliplatin, and irinotecan
[245/670] VECTIBIX (2017) -> 2L+ (high) :: as monotherapy for patients with wild-type RAS metastatic CRC following disease progression after prior treatment with f
[246/670] ASPARLAS (2018) -> Unspecified (medium) :: 
[247/670] ELZONRIS (2018) -> 1L (high) :: untreated or relapsed/refractory BPDCN
[248/670] ZYKADIA (2017) -> 1L (high) :: for patients with metastatic non-small cell lung cancer (NSCLC) whose tumors are anaplastic lymphoma kinase (ALK)-positi
[249/670] TAFINLAR and MEKINIST (2017) -> 2L+ (high) :: FDA granted Breakthrough Therapy Designation in 2015 for the combination... for the treatment of patients with advanced 
[250/670] KEYTRUDA (2018) -> 1L (high) :: who had not received prior systemic therapy for their advanced disease
[251/670] LYNPARZA (2018) -> Maintenance (high) :: for the maintenance treatment of adult patients... who are in complete or partial response to first-line platinum-based 
[252/670] Truxima (2018) -> Unspecified (low) :: 
[253/670] VITRAKVI (2018) -> Refractory/Relapsed (high) :: who have no satisfactory alternative treatments or whose cancer has progressed following treatment
[254/670] NPLATE (2018) -> 2L+ (high) :: who have had an insufficient response to corticosteroids, immunoglobulins, or splenectomy
[255/670] DAURISMO (2018) -> 1L (high) :: for newly-diagnosed acute myeloid leukemia (AML) in patients who are 75 years old or older
[256/670] XOSPATA (2018) -> Refractory/Relapsed (high) :: who have relapsed or refractory acute myeloid leukemia (AML)
[257/670] LORBRENA (2018) -> 2L+ (high) :: whose disease has progressed on crizotinib and at least one other ALK inhibitor for metastatic disease
[258/670] GAMIFANT (2018) -> Refractory/Relapsed (high) :: for adult and pediatric patients with primary hemophagocytic lymphohistiocytosis (HLH) with refractory, recurrent or pro
[259/670] TECENTRIQ (2018) -> 2L+ (high) :: whose disease progressed during or following platinum-containing chemotherapy.
[260/670] ADCETRIS (2018) -> 1L (high) :: in combination with chemotherapy for previously untreated systemic anaplastic large cell lymphoma (sALCL)
[261/670] VENCLEXTA (2018) -> 2L+ (high) :: who have received at least one prior therapy
[262/670] VIZIMPRO (2018) -> 1L (high) :: for the first-line treatment of patients with metastatic non-small cell lung cancer (NSCLC)
[263/670] LUMOXITI (2018) -> 3L+ (high) :: indicated for adult patients with relapsed or refractory hairy cell leukemia (HCL) who received at least two prior syste
[264/670] TALZENNA (2018) -> 2L+ (high) :: must have received no more than 3 prior cytotoxic chemotherapy regimens for locally advanced or metastatic disease.
[265/670] KEYTRUDA (2018) -> 1L (high) :: first-line treatment of metastatic squamous non-small cell lung cancer (NSCLC)
[266/670] LIBTAYO (2018) -> Any line (high) :: for metastatic cutaneous squamous cell carcinoma (CSCC) or locally advanced CSCC regardless of prior treatment
[267/670] IMFINZI (2017) -> 2L+ (high) :: who have disease progression during or following platinum-containing chemotherapy or who have disease progression within
[268/670] Keytruda (2018) -> 1L (high) :: indicated for the treatment of patients with locally advanced or metastatic urothelial carcinoma who are not eligible fo
[269/670] KEYTRUDA (2018) -> 1L (high) :: first-line treatment of patients with metastatic, non-squamous non-small cell lung cancer
[270/670] Opdivo (2018) -> 3L+ (high) :: patients with metastatic SCLC, with disease progression after platinum-based therapy and at least one other prior line o
[271/670] Poteligeo (2018) -> 2L+ (high) :: for adult patients with relapsed or refractory mycosis fungoides (MF) or Sézary syndrome (SS) after at least one prior s
[272/670] Kisqali (2018) -> 1L (high) :: as initial endocrine-based therapy
[273/670] Lenvima (2018) -> 1L (high) :: approved for first-line treatment of patients with unresectable hepatocellular carcinoma (HCC)
[274/670] AZEDRA (2018) -> Unspecified (medium) :: 
[275/670] YERVOY (2018) -> 2L+ (high) :: for the treatment of patients... that has progressed following treatment with a fluoropyrimidine, oxaliplatin, and irino
[276/670] XTANDI (2018) -> 2L+ (high) :: Patients continued on gonadotropin-releasing hormone (GnRH) therapy or had prior bilateral orchiectomy
[277/670] BRAFTOVI and MEKTOVI (2018) -> Unspecified (low) :: 
[278/670] Tibsovo (2018) -> Refractory/Relapsed (high) :: approved for adult patients with relapsed or refractory acute myeloid leukemia (AML)
[279/670] Keytruda (2018) -> 3L+ (high) :: who have relapsed after two or more prior lines of therapy
[280/670] Keytruda (2018) -> 2L+ (high) :: with disease progression on or after chemotherapy whose tumors express PD-L1 (CPS ≥1)
[281/670] Keytruda (2018) -> 2L+ (high) :: The FDA has not changed the indications of Keytruda and Tecentriq for the treatment of patients with locally advanced or
[282/670] Avastin (2018) -> Adjuvant (high) :: for patients with stage III or IV epithelial ovarian, fallopian tube, or primary peritoneal cancer following initial sur
[283/670] Mircera (2018) -> 2L+ (high) :: who are converting from another ESA after their hemoglobin level was stabilized with an ESA
[284/670] VENCLEXTA (2018) -> 2L (high) :: who have received at least one prior therapy
[285/670] Retacrit (2018) -> Unspecified (medium) :: 
[286/670] Doptelet (2018) -> Unspecified (medium) :: 
[287/670] TAFINLAR and MEKINIST (2018) -> Refractory/Relapsed (high) :: for the treatment of patients with locally advanced or metastatic anaplastic thyroid cancer with no satisfactory locoreg
[288/670] KYMRIAH (2018) -> 3L+ (high) :: for adult patients with relapsed or refractory large B-cell lymphoma after two or more lines of systemic therapy
[289/670] Fulphila (2018) -> Any line (high) :: to decrease the chance of infection as suggested by febrile neutropenia in patients with non-myeloid cancer who are rece
[290/670] Opdivo and Yervoy (2018) -> 1L (high) :: for the treatment of intermediate or poor risk, previously untreated advanced renal cell carcinoma.
[291/670] Afinitor Disperz (2018) -> 3L+ (high) :: inadequate seizure control with ≥ 2 sequential anti-epileptic drug (AED) regimens
[292/670] TAFINLAR, MEKINIST (2018) -> Adjuvant (high) :: for the adjuvant treatment of patients with melanoma with BRAF V600E or V600K mutations, following complete resection.
[293/670] TASIGNA (2018) -> 2L+ (high) :: Ph+ CML-CP resistant or intolerant to prior tyrosine-kinase inhibitor (TKI) therapy.
[294/670] Rubraca® (2018) -> Maintenance (high) :: for the maintenance treatment of recurrent epithelial ovarian, fallopian tube, or primary peritoneal cancer who are in a
[295/670] Adcetris (2018) -> 1L (high) :: to treat adult patients with previously untreated stage III or IV classical Hodgkin lymphoma (cHL) in combination with c
[296/670] TAVALISSE (2018) -> 2L+ (high) :: for the treatment of thrombocytopenia in adult patients with chronic immune thrombocytopenia (ITP) who have had an insuf
[297/670] VERZENIO (2018) -> 1L (high) :: as initial endocrine-based therapy for postmenopausal women with hormone receptor (HR)-positive, HER2-negative advanced 
[298/670] Blincyto (2018) -> 2L+ (high) :: in first or second complete remission with minimal residual disease (MRD) greater than or equal to 0.1%
[299/670] Imfinzi (2018) -> Adjuvant (high) :: for patients with unresectable stage III non-small cell lung cancer (NSCLC) whose disease has not progressed following c
[300/670] Erleada (2018) -> 1L (high) :: patients with non-metastatic castration-resistant prostate cancer (NM-CRPC)
[301/670] Lynparza (2018) -> 2L+ (high) :: who have been treated with chemotherapy either in the neoadjuvant, adjuvant, or metastatic setting
[302/670] LUTATHERA (2018) -> 2L+ (high) :: for the treatment of somatostatin receptor-positive gastroenteropancreatic neuroendocrine tumors (GEP-NETs), including f
[303/670] ENHERTU® (2019) -> 3L+ (high) :: who have received two or more prior anti-HER2-based regimens in the metastatic setting
[304/670] Gilotrif (2018) -> 1L (high) :: for first-line treatment of patients with metastatic non-small cell lung cancer (NSCLC) whose tumors have non-resistant 
[305/670] Oxbryta (2019) -> Unspecified (low) :: 
[306/670] BRUKINSA (2019) -> 2L+ (high) :: who have received at least one prior therapy
[307/670] Zytiga (2018) -> 1L (high) :: in combination with prednisone for metastatic high-risk castration-sensitive prostate cancer (CSPC)
[308/670] LYNPARZA (2019) -> Maintenance (high) :: for the maintenance treatment of adult patients with deleterious or suspected deleterious germline BRCA-mutated (gBRCAm)
[309/670] CALQUENCE (2019) -> Any line (high) :: Acalabrutinib was approved for adults with chronic lymphocytic leukemia (CLL) or small lymphocytic lymphoma (SLL).
[310/670] ZEJULA (2019) -> 3L+ (high) :: treated with three or more prior chemotherapy regimens
[311/670]  (2019) -> Unspecified (low) :: 
[312/670] REBLOZYL (2019) -> Refractory/Relapsed (high) :: who require regular red blood cell transfusions
[313/670] DARZALEX (2019) -> 1L (high) :: for adult patients with multiple myeloma in combination with bortezomib, thalidomide, and dexamethasone in newly diagnos
[314/670] ERLEADA (2019) -> 1L (high) :: for patients with metastatic castration-sensitive prostate cancer (mCSPC)
[315/670] NUBEQA (2019) -> Unspecified (medium) :: 
[316/670] INREBIC (2019) -> Refractory/Relapsed (high) :: for adults with intermediate-2 or high-risk primary or secondary (post-polycythemia vera or post-essential thrombocythem
[317/670] PADCEV (2019) -> 2L+ (high) :: who have previously received a programmed death receptor-1 (PD-1) or programmed death-ligand 1 (PD-L1) inhibitor, and a 
[318/670] TURALIO™ (2019) -> Refractory/Relapsed (high) :: for adult patients with symptomatic tenosynovial giant cell tumor (TGCT) associated with severe morbidity or functional 
[319/670] ROZLYTREK (2019) -> Refractory/Relapsed (high) :: have progressed following treatment or have no satisfactory standard therapy
[320/670] KEYTRUDA (2019) -> 2L+ (high) :: with disease progression after one or more prior lines of systemic therapy
[321/670] KEYTRUDA (2019) -> 1L (high) :: first-line treatment of patients with metastatic or unresectable recurrent head and neck squamous cell carcinoma
[322/670] DARZALEX (2019) -> 1L (high) :: for patients with newly diagnosed multiple myeloma who are ineligible for autologous stem cell transplant.
[323/670] KEYTRUDA (2019) -> 3L+ (high) :: with disease progression on or after platinum-based chemotherapy and at least one other prior line of therapy.
[324/670] XPOVIO (2019) -> 3L+ (high) :: approved for adult patients with relapsed or refractory multiple myeloma who have received at least four prior therapies
[325/670] FRAGMIN (2019) -> Unspecified (medium) :: 
[326/670] JAKAFI (2019) -> Refractory/Relapsed (high) :: approved ruxolitinib for steroid-refractory acute graft-versus-host disease
[327/670] POLIVY (2019) -> 3L+ (high) :: indicated in combination with bendamustine and a rituximab product for adult patients with relapsed or refractory diffus
[328/670] VENCLEXTA (2019) -> 1L (high) :: venetoclax in combination with obinutuzumab for previously untreated CLL
[329/670] PIQRAY (2019) -> 2L+ (high) :: following progression on or after an endocrine-based regimen
[330/670] XOSPATA (2019) -> Refractory/Relapsed (high) :: indicated for adult patients who have relapsed or refractory acute myeloid leukemia (AML) with a FLT3 mutation
[331/670] REVLIMID (2019) -> 2L+ (high) :: approved lenalidomide in combination with a rituximab product for previously treated follicular lymphoma and previously 
[332/670] TIBSOVO (2019) -> 1L (high) :: for newly-diagnosed acute myeloid leukemia (AML) with a susceptible IDH1 mutation
[333/670] BAVENCIO (2019) -> 1L (high) :: first-line treatment of patients with advanced renal cell carcinoma (RCC)
[334/670] KEYTRUDA (2019) -> 1L (high) :: Pembrolizumab was approved for the first-line treatment of patients with stage III non-small cell lung cancer (NSCLC)...
[335/670] CYRAMZA (2019) -> 2L (high) :: who have been previously treated with sorafenib
[336/670] KEYTRUDA (2019) -> 1L (high) :: approved for the first-line treatment of patients with advanced renal cell carcinoma (RCC)
[337/670] BALVERSA (2019) -> 2L+ (high) :: that has progressed during or following platinum-containing chemotherapy, including within 12 months of neoadjuvant or a
[338/670] Herceptin Hylecta (2019) -> Adjuvant (high) :: Herceptin Hylecta was initiated either sequentially with chemotherapy, concurrently with chemotherapy, or without adjuva
[339/670] TECENTRIQ (2019) -> 1L (high) :: for the first-line treatment of adult patients with extensive-stage small cell lung cancer (ES-SCLC)
[340/670] TECENTRIQ (2019) -> 1L (high) :: patients with unresectable locally advanced or metastatic TNBC who had not received prior chemotherapy for metastatic di
[341/670] LONSURF (2019) -> 3L+ (high) :: previously treated with at least two prior lines of chemotherapy
[342/670] KADCYLA (2019) -> Adjuvant (high) :: for the adjuvant treatment of patients with HER2-positive early breast cancer who have residual invasive disease after n
[343/670] TAGRISSO (2020) -> Adjuvant (high) :: Adjuvant therapy after tumor resection in patients with non-small cell lung cancer (NSCLC)...
[344/670] CABLIVI (2019) -> Unspecified (medium) :: 
[345/670] KEYTRUDA (2019) -> Adjuvant (high) :: approved pembrolizumab for the adjuvant treatment of patients with melanoma with involvement of lymph node(s) following 
[346/670] XPOVIO (2020) -> 2L+ (high) :: for the treatment of adult patients with multiple myeloma who have received at least one prior therapy.
[347/670] ORGOVYX (2020) -> 2L+ (high) :: Efficacy was evaluated in HERO... in men requiring at least one year of androgen deprivation therapy with either prostat
[348/670] VITRAKVI (2020) -> Refractory/Relapsed (high) :: who have no satisfactory alternative treatments or whose cancer has progressed following treatment
[349/670] KEYTRUDA (2020) -> 1L (high) :: patients with locally recurrent unresectable or metastatic TNBC, who had not been previously treated with chemotherapy i
[350/670] Sonalleve MR-HIFU system (2020) -> Unspecified (low) :: 
[351/670] FoundationOne Liquid CDx (2020) -> Unspecified (low) :: 
[352/670] CABOMETYX (2019) -> 2L (high) :: who have been previously treated with sorafenib
[353/670] MARGENZA (2020) -> 3L+ (high) :: for the treatment of adult patients with metastatic HER2-positive breast cancer who have received two or more prior anti
[354/670] VENCLEXTA (2020) -> 1L (high) :: for newly-diagnosed acute myeloid leukemia (AML) in adults 75 years or older, or who have comorbidities precluding inten
[355/670] GAVRETO (2020) -> 2L+ (high) :: Efficacy was evaluated in 87 patients previously treated with platinum chemotherapy.
[356/670] KEYTRUDA (2020) -> 2L+ (high) :: for adult patients with relapsed or refractory cHL after at least one multiagent regimen.
[357/670] Tecentriq (2020) -> 1L (high) :: previously untreated inoperable locally advanced or metastatic triple negative breast cancer (mTNBC)
[358/670] RUBRACA (2020) -> 3L+ (high) :: who have been treated with androgen receptor-directed therapy and a taxane-based chemotherapy
[359/670] ONUREG (2020) -> Maintenance (high) :: for continued treatment of patients with acute myeloid leukemia who achieved first complete remission (CR) or complete r
[360/670] INQOVI (2020) -> Unspecified (low) :: 
[361/670] KYPROLIS and DARZALEX (2020) -> 2L+ (high) :: for adult patients with relapsed or refractory multiple myeloma who have received one to three lines of therapy.
[362/670] MONJUVI (2020) -> Refractory/Relapsed (high) :: indicated in combination with lenalidomide for adult patients with relapsed or refractory diffuse large B-cell lymphoma
[363/670] TECARTUS (2020) -> 3L+ (high) :: who had previously received anthracycline- or bendamustine-containing chemotherapy, an anti-CD20 antibody, and a Bruton 
[364/670] Tecentriq (2020) -> 1L (high) :: in combination with cobimetinib and vemurafenib for patients with BRAF V600 mutation-positive unresectable or metastatic
[365/670] TAZVERIK (2020) -> 3L+ (high) :: who have received at least 2 prior systemic therapies
[366/670] PHESGO (2020) -> Neoadjuvant (high) :: Patients were randomized to receive neoadjuvant chemotherapy with concurrent administration of either PHESGO...
[367/670] KEYTRUDA (2020) -> 2L+ (high) :: that have progressed following prior treatment and who have no satisfactory alternative treatment options
[368/670] XPOVIO (2020) -> 3L+ (high) :: after at least 2 lines of systemic therapy
[369/670] OPDIVO (2020) -> 2L+ (high) :: after prior fluoropyrimidine- and platinum-based chemotherapy
[370/670] KEYTRUDA (2020) -> Refractory/Relapsed (high) :: for patients with recurrent or metastatic cutaneous squamous cell carcinoma (cSCC) that is not curable by surgery or rad
[371/670] MYLOTARG (2020) -> 1L (high) :: for newly-diagnosed CD33-positive acute myeloid leukemia (AML) to include pediatric patients
[372/670] ZEPZELCA (2020) -> 2L+ (high) :: with disease progression on or after platinum-based chemotherapy
[373/670] TECENTRIQ (2020) -> 1L (high) :: for the first-line treatment of adult patients with metastatic non-small cell lung cancer (NSCLC)
[374/670] LYNPARZA (2020) -> 2L+ (high) :: who have progressed following prior treatment with enzalutamide or abiraterone.
[375/670] BAVENCIO (2020) -> Maintenance (high) :: maintenance treatment of patients with locally advanced or metastatic urothelial carcinoma that has not progressed with 
[376/670] OPDIVO, YERVOY (2020) -> 1L (high) :: as first-line treatment for patients with metastatic non-small cell lung cancer
[377/670] RUBRACA (2020) -> 3L+ (high) :: who have been treated with androgen receptor-directed therapy and a taxane-based chemotherapy
[378/670] QINLOCK (2020) -> 3L+ (high) :: who have received prior treatment with 3 or more kinase inhibitors, including imatinib
[379/670] TECENTRIQ and AVASTIN (2020) -> 1L (high) :: for patients with unresectable or metastatic hepatocellular carcinoma who have not received prior systemic therapy.
[380/670] CYRAMZA (2020) -> 1L (high) :: for first-line treatment of metastatic non-small cell lung cancer (NSCLC) with epidermal growth factor receptor (EGFR) e
[381/670] RETEVMO (2020) -> 2L+ (high) :: Efficacy was evaluated in 105 adult patients, previously treated with platinum chemotherapy.
[382/670] POMALYST (2020) -> 2L+ (high) :: after failure of highly active antiretroviral therapy
[383/670] OPDIVO, YERVOY (2020) -> 1L (high) :: first-line treatment for patients with metastatic or recurrent non-small cell lung cancer (NSCLC)
[384/670] TABRECTA (2020) -> 1L (high) :: Among the 28 treatment-naïve patients, the ORR was 68%...
[385/670] ZEJULA (2020) -> Maintenance (high) :: for the maintenance treatment of adult patients with advanced epithelial ovarian... who are in a complete or partial res
[386/670] TUKYSA (2020) -> 2L+ (high) :: who have received one or more prior anti-HER2-based regimens in the metastatic setting
[387/670] KOSELUGO (2020) -> Unspecified (medium) :: 
[388/670] KEYTRUDA (2020) -> 1L (high) :: Cohort B... enrolled 101 patients with advanced or metastatic melanoma who had not received prior PD-1, PD-L1, or CTLA-4
[389/670] JELMYTO (2020) -> 1L (high) :: patients with treatment-naïve or recurrent low-grade non-invasive UTUC
[390/670] IMBRUVICA (2020) -> 1L (high) :: for the initial treatment of adult patients with chronic lymphocytic leukemia (CLL) or small lymphocytic lymphoma (SLL)
[391/670] BRAFTOVI (2020) -> 2L+ (high) :: approved for the treatment of adult patients with metastatic colorectal cancer... after prior therapy.
[392/670] OPDIVO, YERVOY (2020) -> 2L (high) :: who have been previously treated with sorafenib
[393/670] PEMAZYRE (2020) -> 2L+ (high) :: for the treatment of adults with previously treated, unresectable locally advanced or metastatic cholangiocarcinoma
[394/670] TRODELVY (2020) -> 3L+ (high) :: who received at least two prior therapies for metastatic disease
[395/670] DARZALEX FASPRO (2020) -> Any line (high) :: for adult patients with newly diagnosed or relapsed/refractory multiple myeloma.
[396/670] IMFINZI (2020) -> 1L (high) :: first-line treatment of patients with extensive-stage small cell lung cancer (ES-SCLC)
[397/670] SARCLISA (2020) -> 3L+ (high) :: who have received at least two prior therapies including lenalidomide and a proteasome inhibitor
[398/670] REBLOZYL (2020) -> 3L+ (high) :: for the treatment of anemia failing an erythropoiesis stimulating agent and requiring 2 or more red blood cell (RBC) uni
[399/670] NERLYNX (2020) -> 3L+ (high) :: who have received two or more prior anti-HER2 based regimens in the metastatic setting
[400/670] Orencia (2021) -> Unspecified (medium) :: 
[401/670] AYVAKIT (2020) -> Refractory/Relapsed (high) :: approved for adults with unresectable or metastatic gastrointestinal stromal tumor (GIST) harboring a PDGFRA exon 18 mut
[402/670] TAZVERIK (2020) -> Refractory/Relapsed (high) :: for adults and pediatric patients aged 16 years and older with metastatic or locally advanced epithelioid sarcoma not el
[403/670] KEYTRUDA (2020) -> Refractory/Relapsed (high) :: for the treatment of patients with Bacillus Calmette-Guerin (BCG)-unresponsive, high-risk, non-muscle invasive bladder c
[404/670] Cytalux (2021) -> Adjuvant (high) :: for adult patients with ovarian cancer as an adjunct for interoperative identification of malignant lesions.
[405/670] Darzalex Faspro and Kyprolis (2021) -> 2L+ (high) :: for adult patients with relapsed or refractory multiple myeloma who have received 1 to 3 prior lines of therapy.
[406/670] Rituxan (2021) -> 1L (high) :: approved for pediatric patients with previously untreated, advanced stage, CD20-positive diffuse large B-cell lymphoma..
[407/670] Scemblix (2021) -> 3L+ (high) :: previously treated with two or more tyrosine kinase inhibitors (TKIs)
[408/670] Keytruda (2021) -> Adjuvant (high) :: approved for the adjuvant treatment of patients with renal cell carcinoma (RCC) at intermediate-high or high risk of rec
[409/670]  (2021) -> Unspecified (low) :: 
[410/670] Tecentriq (2021) -> Adjuvant (high) :: approved for adjuvant treatment following resection and platinum-based chemotherapy
[411/670] Fyarro (2021) -> Refractory/Relapsed (high) :: approved for adult patients with locally advanced unresectable or metastatic malignant perivascular epithelioid cell tum
[412/670] Verzenio (2021) -> Adjuvant (high) :: approved for adjuvant treatment of adult patients with hormone receptor (HR)-positive, HER2-negative, node-positive, ear
[413/670] Keytruda (2021) -> 1L (high) :: for patients with persistent, recurrent or metastatic cervical cancer whose tumors express PD-L1 (CPS ≥1)
[414/670] Tecartus (2021) -> Refractory/Relapsed (high) :: approved for adult patients with relapsed or refractory B-cell precursor acute lymphoblastic leukemia (ALL)
[415/670] Brukinsa (2021) -> 2L+ (high) :: who have received at least one anti-CD20-based regimen
[416/670] Brukinsa (2021) -> Unspecified (low) :: 
[417/670] Exkivity (2021) -> 2L+ (high) :: whose disease has progressed on or after platinum-based chemotherapy
[418/670] Keytruda (2021) -> Adjuvant (high) :: approved for the adjuvant treatment of adult and pediatric patients with stage IIB or IIC melanoma following complete re
[419/670] Tivdak (2021) -> 2L+ (high) :: for adult patients with recurrent or metastatic cervical cancer with disease progression on or after chemotherapy.
[420/670] Jakafi (2021) -> 2L+ (high) :: after failure of one or two lines of systemic therapy
[421/670] Tibsovo (2021) -> 2L+ (high) :: The patient’s disease must have progressed following at least one, but not more than two prior regimens.
[422/670] Jemperli (2021) -> 3L+ (high) :: that have progressed on or following prior treatment and who have no satisfactory alternative treatment options
[423/670] Cabometyx (2021) -> Refractory/Relapsed (high) :: with locally advanced or metastatic differentiated thyroid cancer (DTC) that has progressed following prior VEGFR-target
[424/670] Welireg (2021) -> Unspecified (medium) :: 
[425/670] Opdivo (2021) -> Adjuvant (high) :: for the adjuvant treatment of patients with urothelial carcinoma (UC) who are at high risk of recurrence after undergoin
[426/670] Lenvima, Keytruda (2021) -> 1L (high) :: approved the combination of lenvatinib plus pembrolizumab for first-line treatment of adult patients with advanced renal
[427/670] Rezurock (2021) -> 3L+ (high) :: after failure of at least two prior lines of systemic therapy
[428/670] Keytruda and Lenvima (2021) -> 2L+ (high) :: who have disease progression following prior systemic therapy in any setting
[429/670] Keytruda (2021) -> Adjuvant (high) :: approved pembrolizumab... in combination with chemotherapy as neoadjuvant treatment, and then continued as a single agen
[430/670] Ayvakit (2021) -> Refractory/Relapsed (high) :: Avapritinib was approved for adult patients with advanced systemic mastocytosis (AdvSM), including patients with aggress
[431/670] Rylaze (2021) -> Refractory/Relapsed (high) :: for the treatment of acute lymphoblastic leukemia (ALL) and lymphoblastic lymphoma (LBL) in patients who have developed 
[432/670] Darzalex Faspro (2021) -> 2L+ (high) :: who have received at least one prior line of therapy including lenalidomide and a proteasome inhibitor
[433/670] Rybrevant (2021) -> 2L+ (high) :: whose disease has progressed on or after platinum-based chemotherapy
[434/670] Lumakras (2021) -> 2L+ (high) :: who have received at least one prior systemic therapy
[435/670] Padcev (2021) -> 2L+ (high) :: who have received a PD-1 or PD-L1 inhibitor and a platinum-containing chemotherapy in the neoadjuvant/adjuvant, locally 
[436/670] Opdivo (2021) -> Adjuvant (high) :: approved nivolumab for patients with completely resected esophageal or GEJ cancer with residual pathologic disease
[437/670] Truseltiq (2021) -> 2L+ (high) :: for adults with previously treated, unresectable locally advanced or metastatic cholangiocarcinoma
[438/670] Jemperli (2021) -> 2L+ (high) :: that has progressed on or following a prior platinum-containing regimen
[439/670] Trodelvy (2021) -> 3L+ (high) :: who have received two or more prior systemic therapies, at least one of them for metastatic disease
[440/670] Zynlonta (2021) -> 3L+ (high) :: for adult patients with relapsed or refractory large B-cell lymphoma after two or more lines of systemic therapy
[441/670] Erbitux (2021) -> Any line (high) :: cetuximab is used as a single agent or in combination with chemotherapy.
[442/670] Sarclisa (2021) -> 2L+ (high) :: for the treatment of adult patients with relapsed or refractory multiple myeloma who have received one to three prior li
[443/670] Opdivo (2021) -> 1L (high) :: approved for previously untreated advanced or metastatic gastric cancer, gastroesophageal junction cancer, and esophagea
[444/670] Trodelvy (2021) -> 2L+ (high) :: who previously received a platinum-containing chemotherapy and either a programmed death receptor-1 (PD-1) or a programm
[445/670] Abecma (2021) -> 3L+ (high) :: for the treatment of adult patients with relapsed or refractory multiple myeloma after four or more prior lines of thera
[446/670] Yescarta (2021) -> 3L+ (high) :: for adult patients with relapsed or refractory follicular lymphoma (FL) after two or more lines of systemic therapy.
[447/670] Fotivda (2021) -> 3L+ (high) :: for adult patients with relapsed or refractory advanced renal cell carcinoma (RCC) following two or more prior systemic 
[448/670] Keytruda (2021) -> 1L (high) :: for the first-line treatment of patients with locally advanced unresectable or metastatic HER2 positive gastric or gastr
[449/670] Lorbrena (2021) -> 1L (high) :: patients with ALK-positive metastatic NSCLC who had not received prior systemic therapy for metastatic disease.
[450/670] Pepaxto (2021) -> 3L+ (high) :: for adult patients with relapsed or refractory multiple myeloma who have received at least four prior lines of therapy
[451/670] Libtayo (2021) -> 1L (high) :: for the first-line treatment of patients with advanced non-small cell lung cancer (NSCLC)
[452/670] Tepmetko (2021) -> 1L (high) :: Among the 69 treatment naïve patients, the ORR was 43%...
[453/670] Keytruda (2021) -> 1L (high) :: for patients with metastatic or locally advanced esophageal or gastroesophageal carcinoma who are not candidates for sur
[454/670] Xalkori (2021) -> 2L+ (high) :: after at least one systemic treatment
[455/670] Lunsumio (2022) -> 3L+ (high) :: for adult patients with relapsed or refractory follicular lymphoma (FL) after two or more lines of systemic therapy.
[456/670] Ukoniq (2021) -> 2L+ (high) :: patients with MZL who received at least one prior therapy, and for patients with FL after at least 2 prior systemic ther
[457/670] Libtayo (2021) -> 2L+ (high) :: previously treated with a hedgehog pathway inhibitor (HHI) or for whom a HHI is not appropriate
[458/670] Breyanzi (2021) -> 3L+ (high) :: for the treatment of adult patients with relapsed or refractory (R/R) large B-cell lymphoma after two or more lines of s
[459/670] Adstiladrin (2022) -> Refractory/Relapsed (high) :: high-risk Bacillus Calmette-Guérin (BCG) unresponsive non-muscle invasive bladder cancer
[460/670] Krazati (2022) -> 2L+ (high) :: who have received at least one prior systemic therapy
[461/670] Enhertu (2021) -> 3L+ (high) :: who have received a prior trastuzumab-based regimen
[462/670] Opdivo and Cabometyx (2021) -> 1L (high) :: approved the combination of nivolumab and cabozantinib as first-line treatment for patients with advanced renal cell car
[463/670] Xeloda (2022) -> Unspecified (low) :: 
[464/670] Rylaze (2022) -> Refractory/Relapsed (high) :: who have developed hypersensitivity to E. coli-derived asparaginase
[465/670] Tecentriq (2022) -> Refractory/Relapsed (high) :: for adult and pediatric patients 2 years of age and older with unresectable or metastatic alveolar soft part sarcoma (AS
[466/670] Rezlidhia (2022) -> Refractory/Relapsed (high) :: for adult patients with relapsed or refractory acute myeloid leukemia (AML) with a susceptible IDH1 mutation
[467/670] Imjudo (2022) -> 1L (high) :: patients with metastatic NSCLC who had not received prior systemic treatment
[468/670] Libtayo (2022) -> 1L (high) :: who had not received prior systemic treatment
[469/670] Darzalex Faspro (2021) -> 1L (high) :: in combination with bortezomib, cyclophosphamide and dexamethasone for newly diagnosed light chain (AL) amyloidosis.
[470/670] Imjudo (2022) -> 1L (high) :: who had not received prior systemic treatment for HCC
[471/670] Elahere (2022) -> 2L+ (high) :: who have received one to three prior systemic treatment regimens.
[472/670] Lytgobi (2022) -> 2L+ (high) :: approved for adult patients with previously treated, unresectable, locally advanced or metastatic intrahepatic cholangio
[473/670] Retevmo (2022) -> 2L+ (high) :: that have progressed on or following prior systemic treatment or who have no satisfactory alternative treatment options
[474/670] Enhertu (2022) -> 2L+ (high) :: who have received a prior systemic therapy
[475/670] Retevmo (2022) -> 2L+ (high) :: Previously treated patients received a median of two prior systemic therapies (range 1 to 15); 58% had received prior an
[476/670] Imfinzi (2022) -> 1L (high) :: for adult patients with locally advanced or metastatic biliary tract cancer (BTC) who had not previously received system
[477/670] Tabrecta (2022) -> 1L (high) :: Among 60 treatment-naïve patients, ORR was 68% (95% CI: 55, 80) with a DOR of 16.6 months.
[478/670] Nubeqa (2022) -> 1L (high) :: in combination with docetaxel for adult patients with metastatic hormone-sensitive prostate cancer (mHSPC)
[479/670] Pedmark (2022) -> 1L (high) :: Pedmark was approved to reduce the risk of ototoxicity associated with cisplatin in pediatric patients 1 month and older
[480/670] Pemazyre (2022) -> Refractory/Relapsed (high) :: for adults with relapsed or refractory myeloid/lymphoid neoplasms (MLNs) with fibroblast growth factor receptor 1 (FGFR1
[481/670] Adcetris (2022) -> 1L (high) :: for pediatric patients 2 years of age and older with previously untreated high risk classical Hodgkin lymphoma
[482/670] Enhertu (2022) -> 2L+ (high) :: who have received a prior chemotherapy in the metastatic setting or developed disease recurrence during or within six mo
[483/670] Tecvayli (2022) -> 3L+ (high) :: who have received at least four prior lines of therapy, including a proteasome inhibitor, an immunomodulatory agent, and
[484/670] Breyanzi (2022) -> 2L (high) :: who have refractory disease to first-line chemoimmunotherapy or relapse within 12 months of first-line chemoimmunotherap
[485/670] Xalkori (2022) -> Refractory/Relapsed (high) :: with unresectable, recurrent, or refractory inflammatory anaplastic lymphoma kinase (ALK)-positive myofibroblastic tumor
[486/670] Kymriah (2022) -> 3L+ (high) :: for adult patients with relapsed or refractory follicular lymphoma (FL) after two or more lines of systemic therapy.
[487/670] Tafinlar, Mekinist (2022) -> 2L+ (high) :: who have progressed following prior treatment and have no satisfactory alternative treatment options
[488/670] Vijoice (2022) -> Unspecified (low) :: 
[489/670] Vidaza (2022) -> 1L (high) :: approved azacitidine for pediatric patients with newly diagnosed juvenile myelomonocytic leukemia (JMML)
[490/670] Opdivo (2022) -> 1L (high) :: Nivolumab-containing regimens were approved for the first-line treatment of patients with advanced or metastatic esophag
[491/670] Tibsovo (2022) -> 1L (high) :: for newly diagnosed acute myeloid leukemia (AML) with a susceptible IDH1 mutation
[492/670] Imbruvica (2022) -> 2L+ (high) :: after failure of 1 or more lines of systemic therapy
[493/670] Yescarta (2022) -> 2L (high) :: for adult patients with large B-cell lymphoma (LBCL) that is refractory to first-line chemoimmunotherapy or relapses wit
[494/670] Enhertu (2022) -> 2L+ (high) :: who have received a prior anti-HER2-based regimen either in the metastatic setting, or in the neoadjuvant or adjuvant se
[495/670] Pluvicto (2022) -> 3L+ (high) :: who have been treated with androgen receptor (AR) pathway inhibition and taxane-based chemotherapy
[496/670] Padcev (2023) -> 1L (high) :: Efficacy was evaluated in...886 patients with la/mUC and no prior systemic therapy for advanced disease.
[497/670] Opdualag (2022) -> 1L (high) :: Efficacy was evaluated in RELATIVITY-047... in 714 patients with previously untreated metastatic or unresectable Stage I
[498/670] Opdivo (2022) -> Neoadjuvant (high) :: approved nivolumab with platinum-doublet chemotherapy for adult patients with resectable non-small cell lung cancer in t
[499/670] Lynparza (2022) -> Adjuvant (high) :: for the adjuvant treatment of adult patients with deleterious or suspected deleterious germline BRCA-mutated (gBRCAm) hu
[500/670] CARVYKTI (2022) -> 3L+ (high) :: for the treatment of adult patients with relapsed or refractory multiple myeloma after four or more prior lines of thera
[501/670] IWILFIN (2023) -> Maintenance (high) :: to reduce the risk of relapse in adult and pediatric patients with high-risk neuroblastoma who have demonstrated at leas
[502/670] Jaypirca (2023) -> 3L+ (high) :: who have received at least two prior lines of therapy, including a BTK inhibitor and a BCL-2 inhibitor
[503/670] OGSIVEO (2023) -> Refractory/Relapsed (high) :: approved for adult patients with progressing desmoid tumors who require systemic treatment.
[504/670] Xtandi (2023) -> Adjuvant (high) :: All patients had prior definitive therapy with radical prostatectomy and/or radiotherapy with curative intent
[505/670] Welireg (2023) -> 3L+ (high) :: for patients with advanced renal cell carcinoma (RCC) following a programmed death receptor-1 (PD-1) or PD-L1 inhibitor 
[506/670] Marqibo (2012) -> 3L+ (high) :: in second or greater relapse or whose disease has progressed following two or more anti-leukemia therapies
[507/670] Kimmtrak (2022) -> Unspecified (low) :: 
[508/670] Keytruda (2022) -> 2L+ (high) :: who have disease progression following prior systemic therapy in any setting
[509/670] Keytruda (2023) -> 1L (high) :: approved for the first-line treatment of adults with locally advanced unresectable or metastatic HER2-negative gastric o
[510/670] Fruzaqla (2023) -> 3L+ (high) :: who received prior fluoropyrimidine-, oxaliplatin-, and irinotecan-based chemotherapy, an anti-VEGF therapy, and, if RAS
[511/670] Truqap (2023) -> 2L+ (high) :: following progression on at least one endocrine-based regimen in the metastatic setting or recurrence on or within 12 mo
[512/670] LOQTORZ (2023) -> 1L (high) :: for the first-line treatment of adults with metastatic or recurrent, locally advanced nasopharyngeal carcinoma (NPC)
[513/670] Keytruda (2023) -> 1L (high) :: who had not received prior systemic therapy for advanced disease
[514/670] Tibsovo (2023) -> Refractory/Relapsed (high) :: for adult patients with relapsed or refractory myelodysplastic syndromes (MDS) with a susceptible isocitrate dehydrogena
[515/670] Rozlytrek (2023) -> Refractory/Relapsed (high) :: have progressed following treatment or have no satisfactory standard therapy
[516/670] Opdivo (2023) -> Adjuvant (high) :: approved nivolumab for the adjuvant treatment of completely resected Stage IIB/C melanoma
[517/670] Bosulif (2023) -> 1L (high) :: with chronic phase (CP) Ph+ chronic myelogenous leukemia (CML) that is newly diagnosed (ND) or resistant or intolerant (
[518/670] Temodar (2023) -> Unspecified (low) :: 
[519/670] Keytruda (2023) -> Adjuvant (high) :: approved pembrolizumab...as neoadjuvant treatment, and with continuation of single-agent pembrolizumab as post-surgical 
[520/670] Keytruda (2023) -> 1L (high) :: first-line treatment of patients with locally advanced unresectable or metastatic HER2-positive gastric or gastroesophag
[521/670] Elrexfio (2023) -> 3L+ (high) :: for adults with relapsed or refractory multiple myeloma who have received at least four prior lines of therapy
[522/670] Akeega (2023) -> 1L (medium) :: Patients could have received prior docetaxel or androgen-receptor (AR) targeted therapies in earlier disease settings.
[523/670] Augtyro (2023) -> 2L+ (high) :: This is the first FDA approval that includes patients with ROS1-positive NSCLC who have previously received a ROS1 tyros
[524/670] Talzenna (2023) -> Unspecified (medium) :: 
[525/670] Gavreto (2023) -> 2L+ (high) :: Among 130 patients previously treated with platinum-based chemotherapy, ORR was 63%.
[526/670] LONSURF (2023) -> 3L+ (high) :: previously treated with fluoropyrimidine-, oxaliplatin- and irinotecan-based chemotherapy, an anti-VEGF biological thera
[527/670] Braftovi and Mektovi (2023) -> 1L (high) :: Among 59 treatment-naïve patients, ORR was 75% (95% CI: 62, 85); median DoR was not estimable.
[528/670] Jemperli (2023) -> 1L (high) :: approved dostarlimab-gxly with carboplatin and paclitaxel for primary advanced or recurrent endometrial cancer
[529/670] Talvey (2023) -> 3L+ (high) :: who have received at least four prior lines of therapy, including a proteasome inhibitor, an immunomodulatory agent, and
[530/670] HEPZATO KIT (2023) -> Unspecified (medium) :: 
[531/670] Epkinly (2023) -> 3L+ (high) :: after two or more lines of systemic therapy
[532/670] Lynparza (2023) -> 1L (high) :: Patients with prior systemic therapy for mCRPC were excluded; however, prior docetaxel for metastatic hormone-sensitive 
[533/670] Columvi (2023) -> 3L+ (high) :: after two or more lines of systemic therapy
[534/670] Omisirge (2023) -> Unspecified (medium) :: 
[535/670] Padcev, Keytruda (2023) -> 1L (high) :: Patients had not received prior systemic therapy for locally advanced or metastatic disease and were ineligible for cisp
[536/670] Zynyz (2023) -> 1L (high) :: who had not received prior systemic therapy for advanced disease.
[537/670] Polivy (2023) -> 1L (high) :: for adult patients who have previously untreated diffuse large B-cell lymphoma (DLBCL), not otherwise specified (NOS), o
[538/670] Jemperli (2023) -> 2L+ (high) :: that has progressed on or following a prior platinum-containing regimen in any setting
[539/670] Tafinlar, Mekinist (2023) -> 1L (high) :: This represents the first FDA approval of a systemic therapy for the first-line treatment of pediatric patients with LGG
[540/670] Orserdu (2023) -> 2L+ (high) :: with disease progression following at least one line of endocrine therapy
[541/670] Keytruda (2023) -> Adjuvant (high) :: approved for adjuvant treatment following resection and platinum-based chemotherapy
[542/670] Verzenio (2023) -> Adjuvant (high) :: for the adjuvant treatment of adult patients with hormone receptor (HR)-positive, human epidermal growth factor receptor
[543/670] Trodelvy (2023) -> 3L+ (high) :: who have received endocrine-based therapy and at least two additional systemic therapies in the metastatic setting
[544/670] Brukinsa (2023) -> 1L (high) :: Efficacy in patients with treatment-naïve CLL/SLL was evaluated in SEQUOIA...
[545/670] Braftovi (2024) -> 1L (high) :: Patients were required to have treatment naïve BRAF V600E mutation-positive mCRC
[546/670] Jaypirca (2023) -> 3L+ (high) :: for relapsed or refractory mantle cell lymphoma (MCL) after at least two lines of systemic therapy, including a BTK inhi
[547/670] Ryoncil (2024) -> Refractory/Relapsed (high) :: approved for steroid-refractory acute graft versus host disease (SR-aGVHD)
[548/670] Unloxcyt (2024) -> Unspecified (medium) :: 
[549/670] Ensacove (2024) -> 1L (high) :: who have not previously received an ALK-inhibitor
[550/670] Vanflyta (2023) -> 1L (high) :: for the treatment of adult patients with newly diagnosed acute myeloid leukemia (AML) that is FLT3 internal tandem dupli
[551/670] Opdivo Qvantig (2024) -> 2L+ (high) :: The subcutaneous injection of nivolumab and hyaluronidase-nvhy was evaluated in patients who received no more than 2 pri
[552/670] Tukysa (2023) -> 3L+ (high) :: for RAS wild-type HER2-positive unresectable or metastatic colorectal cancer that has progressed following fluoropyrimid
[553/670] Bizengri (2024) -> 2L+ (high) :: who had disease progression following standard of care treatment
[554/670] Imfinzi (2024) -> Adjuvant (high) :: for adults with limited-stage small cell lung cancer (LS-SCLC) whose disease has not progressed following concurrent pla
[555/670] Fludarabine Phosphate Injection (2024) -> Unspecified (low) :: 
[556/670] Retevmo (2024) -> Unspecified (medium) :: 
[557/670] Scemblix (2024) -> 1L (high) :: for adult patients with newly diagnosed Philadelphia chromosome-positive chronic myeloid leukemia (Ph+ CML) in chronic p
[558/670] Itovebi (2024) -> 2L+ (high) :: following recurrence on or after completing adjuvant endocrine therapy
[559/670] Sarclisa (2024) -> 1L (high) :: for adults with newly diagnosed multiple myeloma who are not eligible for autologous stem cell transplant (ASCT)
[560/670] Revuforj (2024) -> Refractory/Relapsed (high) :: approved for relapsed or refractory acute leukemia with a lysine methyltransferase 2A gene (KMT2A) translocation
[561/670] Opdivo (2024) -> Adjuvant (high) :: approved nivolumab... as neoadjuvant treatment, followed by single-agent nivolumab after surgery as adjuvant treatment
[562/670] Vyloy (2024) -> 1L (high) :: for the first-line treatment of adults with locally advanced unresectable or metastatic... gastric or gastroesophageal j
[563/670] Aucatzyl (2024) -> 3L+ (high) :: relapsed or refractory ALL following two or more prior lines of systemic therapy
[564/670] Tagrisso (2024) -> Adjuvant (high) :: for adult patients with locally advanced, unresectable (stage III) non-small cell lung cancer... following concurrent or
[565/670] Ziihera (2024) -> 2L+ (high) :: Patients were required to have received at least one prior gemcitabine-containing regimen in the advanced disease settin
[566/670] Rybrevant (2024) -> 2L+ (high) :: whose disease has progressed on or after treatment with an EGFR tyrosine kinase inhibitor
[567/670] Tecentriq Hybreza (2024) -> 1L (high) :: who were not previously exposed to cancer immunotherapy
[568/670] Lazcluze and Rybrevant (2024) -> 1L (high) :: for the first-line treatment of locally advanced or metastatic non-small cell lung cancer (NSCLC)
[569/670] Keytruda (2024) -> 1L (high) :: first-line treatment of unresectable advanced or metastatic malignant pleural mesothelioma (MPM)
[570/670] TECELRA (2024) -> 2L+ (high) :: for adults with unresectable or metastatic synovial sarcoma who have received prior chemotherapy
[571/670] Voranigo (2024) -> Adjuvant (high) :: for adult and pediatric patients 12 years and older with Grade 2 astrocytoma or oligodendroglioma following surgery incl
[572/670] Darzalex Faspro (2024) -> 1L (high) :: in combination with bortezomib, lenalidomide, and dexamethasone for induction and consolidation in patients with newly d
[573/670] Niktimvo (2024) -> 3L+ (high) :: after failure of at least two prior lines of systemic therapy
[574/670] Epkinly (2024) -> 3L+ (high) :: approved for adult patients with relapsed or refractory follicular lymphoma (FL) after two or more lines of systemic the
[575/670] Krazati (2024) -> 2L+ (high) :: who have received prior treatment with fluoropyrimidine-, oxaliplatin-, and irinotecan-based chemotherapy
[576/670] Kisqali (2024) -> Adjuvant (high) :: for the adjuvant treatment of adults with hormone receptor (HR)-positive, human epidermal growth factor receptor 2 (HER2
[577/670] Imfinzi (2024) -> Adjuvant (high) :: approved durvalumab...as neoadjuvant treatment, followed by single-agent durvalumab as adjuvant treatment after surgery
[578/670] Jemperli (2024) -> Any line (high) :: approved dostarlimab-gxly with carboplatin and paclitaxel, followed by single-agent dostarlimab-gxly, for adult patients
[579/670] Keytruda (2024) -> 1L (high) :: approved for adult patients with primary advanced or recurrent endometrial carcinoma.
[580/670] Blincyto (2024) -> Adjuvant (high) :: approved blinatumomab... for adult and pediatric patients... in the consolidation phase of multiphase chemotherapy.
[581/670] Imfinzi (2024) -> 1L (high) :: approved durvalumab with chemotherapy for adult patients with primary advanced or recurrent endometrial cancer
[582/670] Retevmo (2024) -> 2L+ (high) :: who require systemic therapy and who are radioactive iodine-refractory (if radioactive iodine is appropriate)
[583/670] AUGTYRO (2024) -> 2L+ (high) :: that have progressed following treatment or have no satisfactory alternative therapy
[584/670] Breyanzi (2024) -> 3L+ (high) :: who have received two or more prior lines of systemic therapy
[585/670] Breyanzi (2024) -> 3L+ (high) :: who have received at least two prior lines of systemic therapy, including a Bruton tyrosine kinase inhibitor (BTKi)
[586/670] Imdelltra (2024) -> 3L+ (high) :: with disease progression on or after platinum-based chemotherapy
[587/670] Tivdak (2024) -> 2L+ (high) :: for recurrent or metastatic cervical cancer with disease progression on or after chemotherapy.
[588/670] Rytelo (2024) -> Refractory/Relapsed (high) :: who have not responded to or have lost response to or are ineligible for erythropoiesis-stimulating agents (ESAs)
[589/670] Ojemda (2024) -> 2L+ (high) :: who had received at least one line of prior systemic therapy
[590/670] Retevmo (2024) -> Refractory/Relapsed (high) :: with locally advanced or metastatic RET-activated solid tumors non-responsive to available therapies or with no standard
[591/670] Lutathera (2024) -> Unspecified (medium) :: 
[592/670] Anktiva (2024) -> Refractory/Relapsed (high) :: approved for adult patients with BCG-unresponsive non-muscle invasive bladder cancer
[593/670]  (2024) -> Unspecified (high) :: 
[594/670] Alecensa (2024) -> Adjuvant (high) :: approved alectinib (Alecensa) for adjuvant treatment following tumor resection in patients with ALK-positive NSCLC
[595/670] Brukinsa (2024) -> 3L+ (high) :: for relapsed or refractory follicular lymphoma (FL) after two or more lines of systemic therapy.
[596/670] Iclusig (2024) -> 1L (high) :: Ponatinib (Iclusig) with chemotherapy was granted accelerated approval for adult patients with newly diagnosed Philadelp
[597/670] Elahere (2024) -> 2L+ (high) :: who have received one to three prior systemic treatment regimens.
[598/670] Tagrisso (2024) -> 1L (high) :: patients with EGFR exon 19 deletion or exon 21 L858R mutation-positive la/mNSCLC and no prior systemic therapy for advan
[599/670] Rybrevant (2024) -> 1L (high) :: approved for the first-line treatment of locally advanced or metastatic non-small cell lung cancer (NSCLC) with epiderma
[600/670] Onivyde (2024) -> 1L (high) :: approved for the first-line treatment of metastatic pancreatic adenocarcinoma.
[601/670] Amtagvi (2024) -> 2L+ (high) :: previously treated with a PD-1 blocking antibody, and if BRAF V600 positive, a BRAF inhibitor with or without a MEK inhi
[602/670] Keytruda (2024) -> 1L (high) :: patients with cervical cancer who had not previously received definitive surgery, radiation, or systemic therapy.
[603/670] Enhertu (2024) -> 2L+ (high) :: who have received prior systemic treatment and have no satisfactory alternative treatment options
[604/670] Balversa (2024) -> 2L+ (high) :: whose disease has progressed on or after at least one line of prior systemic therapy
[605/670] Rubraca (2025) -> 2L+ (high) :: previously treated with an androgen receptor-directed therapy
[606/670] Tepmetko (2024) -> 1L (high) :: Among 164 treatment-naïve patients, ORR was 57%...
[607/670] Breyanzi (2025) -> 3L+ (high) :: who have received at least two prior lines of systemic therapy
[608/670] Enhertu (2025) -> 1L (high) :: first-line treatment of adults with unresectable or metastatic HER2-positive breast cancer
[609/670] Imdelltra (2025) -> 2L+ (high) :: with disease progression on or after platinum-based chemotherapy
[610/670] Imfinzi (2025) -> Adjuvant (high) :: Durvalumab...as neoadjuvant and adjuvant treatment, followed by single agent durvalumab...
[611/670] Rybrevant Faspro (2025) -> Any line (high) :: approved for adult patients across all indications approved for the intravenous formulation of amivantamab
[612/670] Keytruda, Keytruda Qlex, Padcev (2025) -> Adjuvant (high) :: neoadjuvant treatment followed by adjuvant treatment after cystectomy for adults with muscle invasive bladder cancer
[613/670] Akeega (2025) -> 1L (high) :: approved for adults with deleterious or suspected deleterious BRCA2-mutated metastatic castration-sensitive prostate can
[614/670] Darzalex Faspro (2025) -> 1L (high) :: for newly diagnosed light chain (AL) amyloidosis.
[615/670] Hyrnuo (2025) -> 2L+ (high) :: who have received a prior systemic therapy
[616/670] Besponsa (2024) -> Refractory/Relapsed (high) :: approved for pediatric patients with relapsed or refractory CD22-positive B-cell precursor acute lymphoblastic leukemia 
[617/670] KOSELUGO (2025) -> Unspecified (medium) :: 
[618/670] Poherdy (2025) -> Unspecified (low) :: 
[619/670] Libtayo (2025) -> Adjuvant (high) :: Adjuvant treatment of adults with cutaneous squamous cell carcinoma (CSCC) at high risk of recurrence after surgery and 
[620/670] Darzalex Faspro (2025) -> 1L (high) :: only indicated for patients with high-risk smoldering multiple myeloma.
[621/670] Komzifti (2025) -> Refractory/Relapsed (high) :: for adults with relapsed or refractory acute myeloid leukemia (AML) with a susceptible nucleophosmin 1 (NPM1) mutation
[622/670] Blenrep (2025) -> 3L+ (high) :: for adults with relapsed or refractory multiple myeloma who have received at least two prior lines of therapy
[623/670] Inluriyo (2025) -> 2L+ (high) :: with disease progression following at least one line of endocrine therapy
[624/670] Zepzelca (2025) -> Maintenance (high) :: for the maintenance treatment of adult patients with extensive-stage small cell lung cancer (ES-SCLC) whose disease has 
[625/670] Epkinly (2025) -> 3L+ (high) :: as monotherapy for relapsed or refractory FL after two or more lines of systemic therapy.
[626/670] Revuforj (2025) -> Refractory/Relapsed (high) :: for relapsed or refractory acute myeloid leukemia with a susceptible nucleophosmin 1 (NPM1) mutation
[627/670] Keytruda Qlex (2025) -> 1L (high) :: Efficacy was evaluated in patients with treatment-naïve metastatic non-small cell lung cancer (NSCLC)
[628/670] Hernexeos (2025) -> 2L+ (high) :: who have received prior systemic therapy
[629/670] Inlexzo (2025) -> Refractory/Relapsed (high) :: for adults with Bacillus Calmette-Guérin (BCG)-unresponsive non-muscle invasive bladder cancer
[630/670] Modeyso (2025) -> Refractory/Relapsed (high) :: with progressive disease following prior therapy
[631/670] Zegfrovy (2025) -> 2L+ (high) :: whose disease has progressed on or after platinum-based chemotherapy
[632/670] Lynozyfic (2025) -> 3L+ (high) :: who have received at least four prior lines of therapy, including a proteasome inhibitor (PI), an immunomodulatory agent
[633/670] Datroway (2025) -> 2L+ (high) :: who have received prior EGFR-directed therapy and platinum-based chemotherapy
[634/670] Monjuvi (2025) -> Refractory/Relapsed (high) :: adults with relapsed or refractory follicular lymphoma (FL)
[635/670] Zusduri (2025) -> Refractory/Relapsed (high) :: for adult patients with recurrent low-grade intermediate-risk non-muscle invasive bladder cancer (LG-IR-NMIBC) that recu
[636/670] Nubeqa (2025) -> 1L (high) :: the FDA previously approved darolutamide in combination with docetaxel for mCSPC.
[637/670] Emrelis (2025) -> 2L+ (high) :: who have received a prior systemic therapy
[638/670] Welireg (2025) -> Unspecified (medium) :: 
[639/670] Zynyz (2025) -> 1L (high) :: for the first-line treatment of adults with inoperable locally recurrent or metastatic squamous cell carcinoma of the an
[640/670] Opdivo and Yervoy (2025) -> 1L (high) :: for the first-line treatment of adult patients with unresectable or metastatic hepatocellular carcinoma (HCC).
[641/670]  (2025) -> 2L+ (high) :: adults with metastatic non-keratinizing NPC with disease progression on or after platinum-based chemotherapy and at leas
[642/670] Imfinzi (2025) -> Adjuvant (high) :: neoadjuvant treatment, followed by single agent durvalumab as adjuvant treatment following radical cystectomy
[643/670] Romvimza (2025) -> Unspecified (medium) :: 
[644/670] Opdivo, Yervoy (2025) -> 1L (high) :: Efficacy of nivolumab with ipilimumab was evaluated in immunotherapy-naïve patients with unresectable or metastatic CRC.
[645/670] Cabometyx (2025) -> 2L+ (high) :: for adult and pediatric patients 12 years of age and older with previously treated, unresectable, locally advanced or me
[646/670] Pluvicto (2025) -> 2L+ (high) :: who have been treated with androgen receptor pathway inhibitor (ARPI) therapy
[647/670] Gomekli (2025) -> Unspecified (medium) :: 
[648/670] Grafapex (2025) -> Unspecified (medium) :: 
[649/670] Xeloda (2025) -> Unspecified (high) :: 
[650/670] Enhertu (2025) -> 2L+ (high) :: that has progressed on one or more endocrine therapies in the metastatic setting
[651/670] KOSELUGO (2025) -> Unspecified (medium) :: 
[652/670] Jaypirca (2025) -> 3L+ (high) :: who have previously been treated with a covalent BTK inhibitor
[653/670] Avmapki Fakzynja Co-pack (2025) -> 2L+ (high) :: who have received prior systemic therapy
[654/670] Opdivo (2024) -> 1L (high) :: first-line treatment of adult patients with unresectable or metastatic urothelial carcinoma (UC)
[655/670] Lumakras and Vectibix (2025) -> 2L+ (high) :: who have received prior fluoropyrimidine-, oxaliplatin-, and irinotecan-based chemotherapy
[656/670] Ibtrozi (2025) -> 1L (high) :: who were naïve to treatment with a ROS1 tyrosine kinase inhibitor (TKI)
[657/670] Datroway (2025) -> 2L+ (high) :: who have received prior endocrine-based therapy and chemotherapy for unresectable or metastatic disease
[658/670] Keytruda (2025) -> Adjuvant (high) :: as a single agent as neoadjuvant treatment, continued as adjuvant treatment in combination with radiotherapy
[659/670] Calquence (2025) -> 1L (high) :: for previously untreated mantle cell lymphoma (MCL) who are ineligible for autologous hematopoietic stem cell transplant
[660/670] Keytruda (2025) -> 1L (high) :: for the first-line treatment of adults with locally advanced unresectable or metastatic HER2-positive gastric or gastroe
[661/670] Tecvayli (2026) -> 2L+ (high) :: who have received at least one prior line of therapy including a proteasome inhibitor and an immunomodulatory agent
[662/670] Lifyorli (2026) -> 2L+ (high) :: who have received one to three prior systemic treatment regimens, at least one of which included bevacizumab.
[663/670] Braftovi (2026) -> 1L (high) :: Efficacy was evaluated in the BREAKWATER trial... in patients with treatment-naïve, BRAF V600E mutation–positive, metast
[664/670] Keytruda and Keytruda Qlex (2026) -> 2L+ (high) :: who have received one or two prior systemic treatment regimens
[665/670] Darzalex Faspro (2026) -> 1L (high) :: for adults with newly diagnosed multiple myeloma who are ineligible for autologous stem cell transplant (ASCT)
[666/670] Adcetris (2025) -> 3L+ (high) :: after two or more lines of systemic therapy who are ineligible for autologous hematopoietic stem cell transplantation (a
[667/670] Calquence, Venclexta (2026) -> 1L (high) :: Efficacy was evaluated in AMPLIFY, a randomized, multicenter trial in adult patients previously untreated for CLL...
[668/670] Xeloda and 5-FU (2026) -> Unspecified (high) :: 
[669/670] Opdivo (2026) -> 1L (high) :: for previously untreated, Stage III or IV classical Hodgkin lymphoma (cHL)
[670/670] Hernexeos (2026) -> 1L (high) :: who had not received systemic therapy for advanced disease.

Done. ok=670 err=0 elapsed=107.9s
