Canonical broad categories: 22
Canonical heme subs: 8
Processing 670 docs (sample=False, force=False, workers=12)
[1/670] Neumega                  (2006) Other/Unmapped       -> Other                               | heme=- (high)
[2/670] Vectibix                 (2006) Colorectal           -> Colorectal Cancer                   | heme=- (high)
[3/670] VELCADE                  (2006) Lymphoma             -> Hematological Malignancies          | heme=B-Cell Lymphomas (high)
[4/670] Zolinza                  (2006) Lymphoma             -> Hematological Malignancies          | heme=- (high)
[5/670] Avastin                  (2006) Other/Unmapped       -> Other                               | heme=- (high)
[6/670] Gleevec                  (2006) Leukemia             -> Hematological Malignancies          | heme=- (high)
[7/670] Herceptin                (2006) Breast               -> Breast Cancer                       | heme=- (high)
[8/670] Taxotere Injection Conce (2006) Head and Neck        -> Head and Neck Cancers               | heme=- (high)
[9/670] Oncaspar                 (2006) Leukemia             -> Hematological Malignancies          | heme=- (high)
[10/670] Avastin                  (2006) Lung                 -> Lung Cancers                        | heme=- (high)
[11/670] Rituxan                  (2006) Lymphoma             -> Hematological Malignancies          | heme=B-Cell Lymphomas (high)
[12/670] Gleevec                  (2006) Leukemia             -> Hematological Malignancies          | heme=- (high)
[13/670] Avastin                  (2006) Colorectal           -> Colorectal Cancer                   | heme=- (high)
[14/670] Sprycel                  (2006) Leukemia             -> Hematological Malignancies          | heme=- (high)
[15/670] Dacogen                  (2006) Myelodysplastic Syndrome -> Hematological Malignancies          | heme=Myelodysplastic Syndromes (high)
[16/670] Gardasil                 (2006) Leukemia             -> Other                               | heme=- (high)
[17/670] Ontak                    (2006) Lymphoma             -> Hematological Malignancies          | heme=- (high)
[18/670] Thalomid                 (2006) Multiple Myeloma     -> Hematological Malignancies          | heme=Multiple Myeloma (high)
[19/670] Gemzar                   (2006) Ovarian              -> Gynecological Cancers               | heme=- (high)
[20/670] Revlimid                 (2006) Multiple Myeloma     -> Hematological Malignancies          | heme=Multiple Myeloma (high)
[21/670] Erbitux                  (2006) Head and Neck        -> Head and Neck Cancers               | heme=- (high)
[22/670] Hycamtin                 (2006) Cervical             -> Gynecological Cancers               | heme=- (high)
[23/670] Rituxan                  (2006) Lymphoma             -> Hematological Malignancies          | heme=B-Cell Lymphomas (high)
[24/670] Sprycel                  (2007) Leukemia             -> Hematological Malignancies          | heme=- (high)
[25/670] Epogen, Procrit, Aranesp (2007) Head and Neck        -> Other                               | heme=- (high)
[26/670] Tasigna Capsules         (2007) Leukemia             -> Hematological Malignancies          | heme=- (high)
[27/670] EVISTA                   (2007) Breast               -> Breast Cancer                       | heme=- (high)
[28/670] Ixempra                  (2007) Breast               -> Breast Cancer                       | heme=- (high)
[29/670] Erbitux                  (2007) Colorectal           -> Colorectal Cancer                   | heme=- (high)
[30/670] Nexavar                  (2007) Liver                -> Liver and Bile Duct Cancers         | heme=- (high)
[31/670] Taxotere Injection Conce (2007) Head and Neck        -> Head and Neck Cancers               | heme=- (high)
[32/670] Totect                   (2007) Leukemia             -> Other                               | heme=- (high)
[33/670] Torisel                  (2007) Renal                -> Kidney (Renal) and Urethral Cancers | heme=- (high)
[34/670] Doxil                    (2007) Multiple Myeloma     -> Hematological Malignancies          | heme=Multiple Myeloma (high)
[35/670] Soliris                  (2007) Other/Unmapped       -> Other                               | heme=- (high)
[36/670]                          (2008) Prostate             -> Prostate Cancer                     | heme=- (high)
[37/670] Fragmin                  (2007) Other/Unmapped       -> Other                               | heme=- (high)
[38/670] Aranesp                  (2007) Other/Unmapped       -> Other                               | heme=- (high)
[39/670] Aranesp, Epogen, Procrit (2007) Other/Unmapped       -> Other                               | heme=- (high)
[40/670] TREANDA                  (2008) Lymphoma             -> Hematological Malignancies          | heme=B-Cell Lymphomas (high)
[41/670] Gleevec                  (2008) Sarcoma              -> Soft Tissue Cancers (including Heart) | heme=- (high)
[42/670] Mozobil                  (2008) Lymphoma             -> Other                               | heme=- (high)
[43/670] Tykerb                   (2007) Breast               -> Breast Cancer                       | heme=- (high)
[44/670] Alimta Injection         (2008) Lung                 -> Lung Cancers                        | heme=- (high)
[45/670] SUTENT                   (2007) Renal                -> Kidney (Renal) and Urethral Cancers | heme=- (high)
[46/670] Promacta                 (2008) Other/Unmapped       -> Other                               | heme=- (high)
[47/670] Velcade                  (2008) Multiple Myeloma     -> Hematological Malignancies          | heme=Multiple Myeloma (high)
[48/670] Nplate                   (2008) Other/Unmapped       -> Other                               | heme=- (high)
[49/670] Avastin                  (2008) Breast               -> Breast Cancer                       | heme=- (high)
[50/670] ISTODAX                  (2009) Lymphoma             -> Hematological Malignancies          | heme=- (high)
[51/670] Treanda                  (2008) Leukemia             -> Hematological Malignancies          | heme=Chronic Lymphocytic Leukemia/Small Lymphocytic Lymphoma (high)
[52/670] VOTRIENT                 (2009) Renal                -> Kidney (Renal) and Urethral Cancers | heme=- (high)
[53/670] AdreView                 (2008) Neuroblastoma        -> Adrenal Cancer and Neuroendocrine Tumors | heme=- (high)
[54/670] Ontak®                   (2008) Lymphoma             -> Hematological Malignancies          | heme=- (high)
[55/670] Arzerra                  (2009) Leukemia             -> Hematological Malignancies          | heme=Chronic Lymphocytic Leukemia/Small Lymphocytic Lymphoma (high)
[56/670] FOLOTYN                  (2009) Lymphoma             -> Hematological Malignancies          | heme=- (high)
[57/670] Erbitux and Vectibix     (2009) Colorectal           -> Colorectal Cancer                   | heme=- (high)
[58/670] Avastin                  (2009) CNS/Brain            -> Brain and Other Nervous System      | heme=- (high)
[59/670] Xgeva                    (2010) Other/Unmapped       -> Other                               | heme=- (high)
[60/670] AFINITOR                 (2009) Renal                -> Kidney (Renal) and Urethral Cancers | heme=- (high)
[61/670] Halaven Injection        (2010) Breast               -> Breast Cancer                       | heme=- (high)
[62/670] Avastin                  (2009) Renal                -> Kidney (Renal) and Urethral Cancers | heme=- (high)
[63/670] Herceptin                (2010) Breast               -> Breast Cancer                       | heme=- (high)
[64/670]                          (2009) Leukemia             -> Other                               | heme=- (high)
[65/670] Alimta Injection         (2009) Lung                 -> Lung Cancers                        | heme=- (high)
[66/670] Afinitor                 (2010) Other/Unmapped       -> Brain and Other Nervous System      | heme=- (high)
[67/670] Mylotarg                 (2010) Leukemia             -> Hematological Malignancies          | heme=Acute Myeloid Leukemia (high)
[68/670] Tarceva                  (2010) Lung                 -> Lung Cancers                        | heme=- (high)
[69/670] Cysview for Intravesical (2010) Other/Unmapped       -> Kidney (Renal) and Urethral Cancers | heme=- (high)
[70/670] Herceptin                (2010) Gastric/GI           -> Gastric (Stomach) Cancer            | heme=- (high)
[71/670] Rituxan                  (2010) Leukemia             -> Hematological Malignancies          | heme=Chronic Lymphocytic Leukemia/Small Lymphocytic Lymphoma (high)
[72/670] Tasigna Capsules         (2010) Leukemia             -> Hematological Malignancies          | heme=- (high)
[73/670] Tykerb                   (2010) Breast               -> Breast Cancer                       | heme=- (high)
[74/670] Sprycel                  (2010) Leukemia             -> Hematological Malignancies          | heme=- (high)
[75/670] Jevtana Injection        (2010) Prostate             -> Prostate Cancer                     | heme=- (high)
[76/670]                          (2010) Leukemia             -> Other                               | heme=- (high)
[77/670] Aranesp, Epogen, Procrit (2010) Other/Unmapped       -> Other                               | heme=- (high)
[78/670]                          (2011) Other/Unmapped       -> Other                               | heme=- (high)
[79/670] Ferriprox Tablets        (2011) Other/Unmapped       -> Other                               | heme=- (high)
[80/670] Erbitux                  (2011) Head and Neck        -> Head and Neck Cancers               | heme=- (high)
[81/670] Adcetris                 (2011) Other/Unmapped       -> Hematological Malignancies          | heme=- (high)
[82/670] Prolia                   (2011) Breast               -> Other                               | heme=- (high)
[83/670] XALKORI Capsules         (2011) Lymphoma             -> Lung Cancers                        | heme=- (high)
[84/670] Jakafi                   (2011) Other/Unmapped       -> Hematological Malignancies          | heme=Myeloproliferative Neoplasms (high)
[85/670] Nplate                   (2011) Leukemia             -> Other                               | heme=- (high)
[86/670] Sutent Capsules          (2011) Other/Unmapped       -> Adrenal Cancer and Neuroendocrine Tumors | heme=- (high)
[87/670] Avastin                  (2011) Leukemia             -> Other                               | heme=- (high)
[88/670] Afinitor Tablets         (2011) Other/Unmapped       -> Adrenal Cancer and Neuroendocrine Tumors | heme=- (high)
[89/670] Zytiga Tablets           (2011) Prostate             -> Prostate Cancer                     | heme=- (high)
[90/670] ZELBORAF                 (2011) Melanoma/Skin        -> Skin Cancers                        | heme=- (high)
[91/670] Soliris®                 (2011) Other/Unmapped       -> Other                               | heme=- (high)
[92/670] YERVOY                   (2011) Melanoma/Skin        -> Skin Cancers                        | heme=- (high)
[93/670] COMETRIQ capsules        (2012) Thyroid              -> Thyroid Cancer                      | heme=- (high)
[94/670] Rituxan                  (2011) Lymphoma             -> Hematological Malignancies          | heme=B-Cell Lymphomas (high)
[95/670] Iclusig                  (2012) Leukemia             -> Hematological Malignancies          | heme=- (high)
[96/670] Vandetanib Tablets       (2011) Thyroid              -> Thyroid Cancer                      | heme=- (high)
[97/670] Sylatron                 (2011) Melanoma/Skin        -> Skin Cancers                        | heme=- (high)
[98/670] Erwinaze                 (2011) Leukemia             -> Hematological Malignancies          | heme=- (high)
[99/670] RituxanInjection         (2012) Lymphoma             -> Hematological Malignancies          | heme=B-Cell Lymphomas (high)
[100/670] ABRAXANE                 (2012) Lung                 -> Lung Cancers                        | heme=- (high)
[101/670] SYNRIBO                  (2012) Leukemia             -> Hematological Malignancies          | heme=- (high)
[102/670] ZytigaTablets            (2012) Prostate             -> Prostate Cancer                     | heme=- (high)
[103/670] Zaltrap                  (2012) Colorectal           -> Colorectal Cancer                   | heme=- (high)
[104/670] ALIMTA                   (2012) Lung                 -> Lung Cancers                        | heme=- (high)
[105/670] Kyprolis                 (2012) Multiple Myeloma     -> Hematological Malignancies          | heme=Multiple Myeloma (high)
[106/670] XTANDICapsules           (2012) Prostate             -> Prostate Cancer                     | heme=- (high)
[107/670] Stivarga                 (2012) Colorectal           -> Colorectal Cancer                   | heme=- (high)
[108/670] PERJETA                  (2012) Breast               -> Breast Cancer                       | heme=- (high)
[109/670]                          (2012) Leukemia             -> Hematological Malignancies          | heme=- (high)
[110/670] VOTRIENT                 (2012) Sarcoma              -> Soft Tissue Cancers (including Heart) | heme=- (high)
[111/670] Afinitor tablets         (2012) Other/Unmapped       -> Other                               | heme=- (high)
[112/670] Marqibo                  (2012) Leukemia             -> Hematological Malignancies          | heme=- (high)
[113/670] ERIVEDGE Capsule         (2012) Other/Unmapped       -> Skin Cancers                        | heme=- (high)
[114/670] Gleevec                  (2012) Sarcoma              -> Soft Tissue Cancers (including Heart) | heme=- (high)
[115/670] Erbitux                  (2012) Colorectal           -> Colorectal Cancer                   | heme=- (high)
[116/670] Voraxaze                 (2012) Lymphoma             -> Other                               | heme=- (high)
[117/670] NEXAVAR                  (2013) Thyroid              -> Thyroid Cancer                      | heme=- (high)
[118/670] Afinitor Disperz         (2012) Other/Unmapped       -> Brain and Other Nervous System      | heme=- (high)
[119/670] IMBRUVICA                (2013) Lymphoma             -> Hematological Malignancies          | heme=B-Cell Lymphomas (high)
[120/670] Inlyta                   (2012) Renal                -> Kidney (Renal) and Urethral Cancers | heme=- (high)
[121/670] Doxil                    (2013) Ovarian              -> Gynecological Cancers               | heme=- (high)
[122/670] PERJETA                  (2013) Breast               -> Breast Cancer                       | heme=- (high)
[123/670] Gilotrif                 (2013) Lung                 -> Lung Cancers                        | heme=- (high)
[124/670] Abraxane for injectable  (2013) Other/Unmapped       -> Other                               | heme=- (high)
[125/670] GAZYVA™                  (2013) Leukemia             -> Hematological Malignancies          | heme=Chronic Lymphocytic Leukemia/Small Lymphocytic Lymphoma (high)
[126/670] Xgeva                    (2013) Other/Unmapped       -> Bone and Joint Cancers              | heme=- (high)
[127/670] REVLIMID                 (2013) Lymphoma             -> Hematological Malignancies          | heme=B-Cell Lymphomas (high)
[128/670] TAFINLAR                 (2013) Melanoma/Skin        -> Skin Cancers                        | heme=- (high)
[129/670] MEKINIST tablet          (2013) Melanoma/Skin        -> Skin Cancers                        | heme=- (high)
[130/670] Xofigo Injection         (2013) Prostate             -> Prostate Cancer                     | heme=- (high)
[131/670] Tarceva                  (2013) Lung                 -> Lung Cancers                        | heme=- (high)
[132/670] KADCYLA                  (2013) Breast               -> Breast Cancer                       | heme=- (high)
[133/670] POMALYST capsules        (2013) Multiple Myeloma     -> Hematological Malignancies          | heme=Multiple Myeloma (high)
[134/670] OPDIVO                   (2014) Melanoma/Skin        -> Skin Cancers                        | heme=- (high)
[135/670] Avastin                  (2013) Colorectal           -> Colorectal Cancer                   | heme=- (high)
[136/670]                          (2013) Ovarian              -> Gynecological Cancers               | heme=- (high)
[137/670] Iclusig                  (2013) Leukemia             -> Hematological Malignancies          | heme=- (medium)
[138/670] Cyramza Injection        (2014) Lung                 -> Lung Cancers                        | heme=- (high)
[139/670] Zydelig tablets          (2014) Lymphoma             -> Hematological Malignancies          | heme=B-Cell Lymphomas (high)
[140/670] Avastin                  (2014) Other/Unmapped       -> Gynecological Cancers               | heme=- (high)
[141/670] Lynparza                 (2014) Ovarian              -> Gynecological Cancers               | heme=- (high)
[142/670] Somatuline Depot Injecti (2014) Other/Unmapped       -> Adrenal Cancer and Neuroendocrine Tumors | heme=- (high)
[143/670] Jakafi                   (2014) Other/Unmapped       -> Hematological Malignancies          | heme=Myeloproliferative Neoplasms (high)
[144/670] KEYTRUDA                 (2014) Melanoma/Skin        -> Skin Cancers                        | heme=- (high)
[145/670] Avastin                  (2014) Cervical             -> Gynecological Cancers               | heme=- (high)
[146/670] Cyramza                  (2014) Gastric/GI           -> Gastric (Stomach) Cancer            | heme=- (high)
[147/670] Purixan                  (2014) Leukemia             -> Hematological Malignancies          | heme=- (high)
[148/670] BELEODAQ                 (2014) Lymphoma             -> Hematological Malignancies          | heme=- (high)
[149/670] BLINCYTO                 (2014) Leukemia             -> Hematological Malignancies          | heme=- (high)
[150/670] IMBRUVICA                (2014) Leukemia             -> Hematological Malignancies          | heme=Chronic Lymphocytic Leukemia/Small Lymphocytic Lymphoma (high)
[151/670] KeytrudaInjection        (2015) Melanoma/Skin        -> Skin Cancers                        | heme=- (high)
[152/670] ZYKADIA                  (2014) Lymphoma             -> Lung Cancers                        | heme=- (high)
[153/670] Arzerra Injection        (2014) Leukemia             -> Hematological Malignancies          | heme=Chronic Lymphocytic Leukemia/Small Lymphocytic Lymphoma (high)
[154/670] NINLARO                  (2015) Multiple Myeloma     -> Hematological Malignancies          | heme=Multiple Myeloma (high)
[155/670] Mekinist tablets and Taf (2014) Melanoma/Skin        -> Skin Cancers                        | heme=- (high)
[156/670] Sylvant Injection        (2014) Other/Unmapped       -> Hematological Malignancies          | heme=- (high)
[157/670] COTELLIC Tablets         (2015) Melanoma/Skin        -> Skin Cancers                        | heme=- (high)
[158/670] Cyramza                  (2014) Gastric/GI           -> Gastric (Stomach) Cancer            | heme=- (high)
[159/670] VISTOGARD granules       (2015) Other/Unmapped       -> Other                               | heme=- (high)
[160/670] PORTRAZZA                (2015) Lung                 -> Lung Cancers                        | heme=- (high)
[161/670] EMPLICITI                (2015) Multiple Myeloma     -> Hematological Malignancies          | heme=Multiple Myeloma (high)
[162/670] DARZALEX                 (2015) Multiple Myeloma     -> Hematological Malignancies          | heme=Multiple Myeloma (high)
[163/670] TAGRISSO                 (2015) Lung                 -> Lung Cancers                        | heme=- (high)
[164/670] Yervoy Injection         (2015) Melanoma/Skin        -> Skin Cancers                        | heme=- (high)
[165/670] ALECENSA                 (2015) Lymphoma             -> Lung Cancers                        | heme=- (high)
[166/670] Opdivo Injection         (2015) Lung                 -> Lung Cancers                        | heme=- (high)
[167/670] ONIVYDE                  (2015) Other/Unmapped       -> Other                               | heme=- (high)
[168/670] LONSURF                  (2015) Colorectal           -> Colorectal Cancer                   | heme=- (high)
[169/670] Praxbind                 (2015) Other/Unmapped       -> Other                               | heme=- (high)
[170/670] IMLYGIC                  (2015) Melanoma/Skin        -> Skin Cancers                        | heme=- (high)
[171/670] Opdivo Injection         (2015) Melanoma/Skin        -> Skin Cancers                        | heme=- (high)
[172/670] IRESSA                   (2015) Lung                 -> Lung Cancers                        | heme=- (high)
[173/670] Promacta                 (2015) Other/Unmapped       -> Other                               | heme=- (high)
[174/670] ADCETRIS                 (2015) Lymphoma             -> Hematological Malignancies          | heme=- (high)
[175/670] Odomzo                   (2015) Other/Unmapped       -> Skin Cancers                        | heme=- (high)
[176/670] KEYTRUDA Injection       (2015) Lung                 -> Lung Cancers                        | heme=- (high)
[177/670] Kyprolis                 (2015) Multiple Myeloma     -> Hematological Malignancies          | heme=Multiple Myeloma (high)
[178/670]                          (2015) Other/Unmapped       -> Colorectal Cancer                   | heme=- (high)
[179/670] Unituxin                 (2015) Neuroblastoma        -> Pediatric Cancers                   | heme=- (high)
[180/670] ZARXIO                   (2015) Breast               -> Other                               | heme=- (high)
[181/670] IBRANCE                  (2015) Breast               -> Breast Cancer                       | heme=- (high)
[182/670] OPDIVO                   (2015) Lung                 -> Lung Cancers                        | heme=- (high)
[183/670] Lenvima                  (2015) Thyroid              -> Thyroid Cancer                      | heme=- (high)
[184/670] RUBRACA                  (2016) Ovarian              -> Gynecological Cancers               | heme=- (high)
[185/670] Imbruvica Capsules       (2015) Other/Unmapped       -> Hematological Malignancies          | heme=B-Cell Lymphomas (high)
[186/670] FARYDAK                  (2015) Multiple Myeloma     -> Hematological Malignancies          | heme=Multiple Myeloma (high)
[187/670] DARZALEX                 (2016) Multiple Myeloma     -> Hematological Malignancies          | heme=Multiple Myeloma (high)
[188/670] Mekinist and Tafinlar    (2015) Melanoma/Skin        -> Skin Cancers                        | heme=- (high)
[189/670] LARTRUVO                 (2016) Sarcoma              -> Soft Tissue Cancers (including Heart) | heme=- (high)
[190/670] OPDIVO Injection         (2016) Head and Neck        -> Head and Neck Cancers               | heme=- (high)
[191/670] KEYTRUDA                 (2016) Lung                 -> Lung Cancers                        | heme=- (high)
[192/670] TARCEVA                  (2016) Lung                 -> Lung Cancers                        | heme=- (high)
[193/670] KEYTRUDA                 (2016) Head and Neck        -> Head and Neck Cancers               | heme=- (high)
[194/670] Opdivo                   (2016) Lymphoma             -> Hematological Malignancies          | heme=- (high)
[195/670] Xalkori                  (2016) Lung                 -> Lung Cancers                        | heme=- (high)
[196/670] Tecentriq                (2016) Bladder              -> Kidney (Renal) and Urethral Cancers | heme=- (high)
[197/670] cobas EGFR Mutation Test (2016) Lung                 -> Lung Cancers                        | heme=- (high)
[198/670] CABOMETYX                (2016) Renal                -> Kidney (Renal) and Urethral Cancers | heme=- (high)
[199/670] Lenvima                  (2016) Renal                -> Kidney (Renal) and Urethral Cancers | heme=- (high)
[200/670] VENCLEXTA                (2016) Leukemia             -> Hematological Malignancies          | heme=Chronic Lymphocytic Leukemia/Small Lymphocytic Lymphoma (high)
[201/670] Defitelio                (2016) Other/Unmapped       -> Other                               | heme=- (high)
[202/670] Afinitor                 (2016) Other/Unmapped       -> Adrenal Cancer and Neuroendocrine Tumors | heme=- (high)
[203/670] IBRANCE Capsules         (2016) Breast               -> Breast Cancer                       | heme=- (high)
[204/670] HALAVEN injection        (2016) Other/Unmapped       -> Soft Tissue Cancers (including Heart) | heme=- (high)
[205/670] Siklos                   (2017) Other/Unmapped       -> Other                               | heme=- (high)
[206/670] OPDIVO                   (2017) Melanoma/Skin        -> Skin Cancers                        | heme=- (high)
[207/670] Gazyva Injection         (2016) Lymphoma             -> Hematological Malignancies          | heme=B-Cell Lymphomas (high)
[208/670] TECENTRIQ                (2016) Lung                 -> Lung Cancers                        | heme=- (high)
[209/670] Sutent                   (2017) Renal                -> Kidney (Renal) and Urethral Cancers | heme=- (high)
[210/670] HEMLIBRA                 (2017) Other/Unmapped       -> Other                               | heme=- (high)
[211/670] PERJETA                  (2017) Breast               -> Breast Cancer                       | heme=- (high)
[212/670] Arzerra Injection        (2016) Leukemia             -> Hematological Malignancies          | heme=Chronic Lymphocytic Leukemia/Small Lymphocytic Lymphoma (high)
[213/670] FoundationOne CDx        (2017) Other/Unmapped       -> Other                               | heme=- (high)
[214/670] Tasigna                  (2017) Leukemia             -> Hematological Malignancies          | heme=- (high)
[215/670] GAZYVA                   (2017) Lymphoma             -> Hematological Malignancies          | heme=B-Cell Lymphomas (high)
[216/670] Ogivri                   (2017) Gastric/GI           -> Breast Cancer                       | heme=- (high)
[217/670] SPRYCEL                  (2017) Leukemia             -> Hematological Malignancies          | heme=- (high)
[218/670] ADCETRIS                 (2017) Lymphoma             -> Hematological Malignancies          | heme=- (high)
[219/670] KEYTRUDA                 (2017) Gastric/GI           -> Gastric (Stomach) Cancer            | heme=- (high)
[220/670] YESCARTA                 (2017) Lymphoma             -> Hematological Malignancies          | heme=B-Cell Lymphomas (high)
[221/670] VYXEOS                   (2017) Leukemia             -> Hematological Malignancies          | heme=Acute Myeloid Leukemia (high)
[222/670] NERLYNX                  (2017) Breast               -> Breast Cancer                       | heme=- (high)
[223/670] OPDIVO                   (2017) Liver                -> Liver and Bile Duct Cancers         | heme=- (high)
[224/670] ZELBORAF                 (2017) Other/Unmapped       -> Other                               | heme=- (high)
[225/670] JEVTANA                  (2017) Prostate             -> Prostate Cancer                     | heme=- (high)
[226/670] Imbruvica                (2017) Other/Unmapped       -> Other                               | heme=- (high)
[227/670] ALECENSA                 (2017) Lymphoma             -> Lung Cancers                        | heme=- (high)
[228/670] KEYTRUDA                 (2017) Colorectal           -> Colorectal Cancer                   | heme=- (medium)
[229/670] BEVYXXA                  (2017) Leukemia             -> Other                               | heme=- (high)
[230/670] RITUXAN HYCELA           (2017) Lymphoma             -> Hematological Malignancies          | heme=B-Cell Lymphomas (high)
[231/670] Mylotarg                 (2017) Leukemia             -> Hematological Malignancies          | heme=Acute Myeloid Leukemia (high)
[232/670] KEYTRUDA                 (2017) Bladder              -> Kidney (Renal) and Urethral Cancers | heme=- (high)
[233/670] Calquence                (2017) Lymphoma             -> Hematological Malignancies          | heme=B-Cell Lymphomas (high)
[234/670] Mvasi                    (2017) Other/Unmapped       -> Other                               | heme=- (medium)
[235/670] BOSULIF                  (2017) Leukemia             -> Hematological Malignancies          | heme=- (high)
[236/670] Cabometyx                (2017) Renal                -> Kidney (Renal) and Urethral Cancers | heme=- (high)
[237/670] IDHIFA                   (2017) Leukemia             -> Hematological Malignancies          | heme=Acute Myeloid Leukemia (high)
[238/670] BESPONSA                 (2017) Leukemia             -> Hematological Malignancies          | heme=- (high)
[239/670] OPDIVO                   (2017) Colorectal           -> Colorectal Cancer                   | heme=- (high)
[240/670] KYMRIAH                  (2017) Leukemia             -> Pediatric Cancers                   | heme=- (high)
[241/670] Endari                   (2017) Other/Unmapped       -> Other                               | heme=- (high)
[242/670] ZYKADIA                  (2017) Lymphoma             -> Lung Cancers                        | heme=- (high)
[243/670] BLINCYTO                 (2017) Leukemia             -> Hematological Malignancies          | heme=- (high)
[244/670] ELZONRIS                 (2018) Other/Unmapped       -> Hematological Malignancies          | heme=- (high)
[245/670] TAFINLAR and MEKINIST    (2017) Lung                 -> Lung Cancers                        | heme=- (high)
[246/670] Gleolan                  (2017) Other/Unmapped       -> Brain and Other Nervous System      | heme=- (high)
[247/670] KEYTRUDA                 (2017) Lung                 -> Lung Cancers                        | heme=- (high)
[248/670] BAVENCIO                 (2017) Bladder              -> Kidney (Renal) and Urethral Cancers | heme=- (high)
[249/670] TECENTRIQ                (2018) Lung                 -> Lung Cancers                        | heme=- (high)
[250/670] IMFINZI                  (2017) Bladder              -> Kidney (Renal) and Urethral Cancers | heme=- (high)
[251/670] ASPARLAS                 (2018) Leukemia             -> Pediatric Cancers                   | heme=- (high)
[252/670] LYNPARZA                 (2018) Other/Unmapped       -> Gynecological Cancers               | heme=- (high)
[253/670] KEYTRUDA                 (2018) Other/Unmapped       -> Skin Cancers                        | heme=- (high)
[254/670] VECTIBIX                 (2017) Colorectal           -> Colorectal Cancer                   | heme=- (high)
[255/670] Truxima                  (2018) Lymphoma             -> Hematological Malignancies          | heme=B-Cell Lymphomas (high)
[256/670] NPLATE                   (2018) Other/Unmapped       -> Other                               | heme=- (high)
[257/670] DAURISMO                 (2018) Leukemia             -> Hematological Malignancies          | heme=Acute Myeloid Leukemia (high)
[258/670] KEYTRUDA                 (2018) Lung                 -> Lung Cancers                        | heme=- (high)
[259/670] TALZENNA                 (2018) Breast               -> Breast Cancer                       | heme=- (high)
[260/670] LORBRENA                 (2018) Lymphoma             -> Lung Cancers                        | heme=- (high)
[261/670] XOSPATA                  (2018) Leukemia             -> Hematological Malignancies          | heme=Acute Myeloid Leukemia (high)
[262/670] LIBTAYO                  (2018) Other/Unmapped       -> Skin Cancers                        | heme=- (high)
[263/670] VITRAKVI                 (2018) Other/Unmapped       -> Other                               | heme=- (high)
[264/670] VENCLEXTA                (2018) Lymphoma             -> Hematological Malignancies          | heme=Chronic Lymphocytic Leukemia/Small Lymphocytic Lymphoma (high)
[265/670] VIZIMPRO                 (2018) Lung                 -> Lung Cancers                        | heme=- (high)
[266/670] Keytruda                 (2018) Bladder              -> Kidney (Renal) and Urethral Cancers | heme=- (high)
[267/670] Lenvima                  (2018) Liver                -> Liver and Bile Duct Cancers         | heme=- (high)
[268/670] GAMIFANT                 (2018) Other/Unmapped       -> Hematological Malignancies          | heme=- (high)
[269/670] LUMOXITI                 (2018) Leukemia             -> Hematological Malignancies          | heme=Hairy Cell Leukemia (high)
[270/670] ADCETRIS                 (2018) Lymphoma             -> Hematological Malignancies          | heme=- (high)
[271/670] KEYTRUDA                 (2018) Lung                 -> Lung Cancers                        | heme=- (high)
[272/670] Opdivo                   (2018) Lung                 -> Lung Cancers                        | heme=- (high)
[273/670] AZEDRA                   (2018) Other/Unmapped       -> Adrenal Cancer and Neuroendocrine Tumors | heme=- (high)
[274/670] Tibsovo                  (2018) Leukemia             -> Hematological Malignancies          | heme=Acute Myeloid Leukemia (high)
[275/670] Poteligeo                (2018) Other/Unmapped       -> Hematological Malignancies          | heme=- (high)
[276/670] Kisqali                  (2018) Breast               -> Breast Cancer                       | heme=- (high)
[277/670] XTANDI                   (2018) Prostate             -> Prostate Cancer                     | heme=- (high)
[278/670] YERVOY                   (2018) Colorectal           -> Colorectal Cancer                   | heme=- (high)
[279/670] Keytruda                 (2018) Bladder              -> Kidney (Renal) and Urethral Cancers | heme=- (high)
[280/670] Avastin                  (2018) Other/Unmapped       -> Gynecological Cancers               | heme=- (high)
[281/670] BRAFTOVI and MEKTOVI     (2018) Melanoma/Skin        -> Skin Cancers                        | heme=- (high)
[282/670] Retacrit                 (2018) Other/Unmapped       -> Other                               | heme=- (high)
[283/670] Keytruda                 (2018) Cervical             -> Gynecological Cancers               | heme=- (high)
[284/670] VENCLEXTA                (2018) Lymphoma             -> Hematological Malignancies          | heme=Chronic Lymphocytic Leukemia/Small Lymphocytic Lymphoma (high)
[285/670] Mircera                  (2018) Other/Unmapped       -> Other                               | heme=- (high)
[286/670] Keytruda                 (2018) Lymphoma             -> Hematological Malignancies          | heme=B-Cell Lymphomas (high)
[287/670] Doptelet                 (2018) Other/Unmapped       -> Other                               | heme=- (high)
[288/670] Fulphila                 (2018) Other/Unmapped       -> Other                               | heme=- (high)
[289/670] TAFINLAR and MEKINIST    (2018) Thyroid              -> Thyroid Cancer                      | heme=- (high)
[290/670] Rubraca®                 (2018) Other/Unmapped       -> Gynecological Cancers               | heme=- (high)
[291/670] Afinitor Disperz         (2018) Other/Unmapped       -> Specific Syndromes                  | heme=- (high)
[292/670] TAFINLAR, MEKINIST       (2018) Melanoma/Skin        -> Skin Cancers                        | heme=- (high)
[293/670] Adcetris                 (2018) Lymphoma             -> Hematological Malignancies          | heme=- (high)
[294/670] Blincyto                 (2018) Leukemia             -> Hematological Malignancies          | heme=- (high)
[295/670] KYMRIAH                  (2018) Lymphoma             -> Hematological Malignancies          | heme=B-Cell Lymphomas (high)
[296/670] TAVALISSE                (2018) Other/Unmapped       -> Other                               | heme=- (high)
[297/670] Opdivo and Yervoy        (2018) Renal                -> Kidney (Renal) and Urethral Cancers | heme=- (high)
[298/670] Imfinzi                  (2018) Lung                 -> Lung Cancers                        | heme=- (high)
[299/670] LUTATHERA                (2018) Other/Unmapped       -> Adrenal Cancer and Neuroendocrine Tumors | heme=- (high)
[300/670] TASIGNA                  (2018) Leukemia             -> Hematological Malignancies          | heme=- (high)
[301/670] VERZENIO                 (2018) Breast               -> Breast Cancer                       | heme=- (high)
[302/670] Oxbryta                  (2019) Other/Unmapped       -> Other                               | heme=- (high)
[303/670] PADCEV                   (2019) Other/Unmapped       -> Kidney (Renal) and Urethral Cancers | heme=- (high)
[304/670] ENHERTU®                 (2019) Breast               -> Breast Cancer                       | heme=- (high)
[305/670] Zytiga                   (2018) Prostate             -> Prostate Cancer                     | heme=- (high)
[306/670] Erleada                  (2018) Prostate             -> Prostate Cancer                     | heme=- (high)
[307/670] Lynparza                 (2018) Breast               -> Breast Cancer                       | heme=- (high)
[308/670] LYNPARZA                 (2019) Other/Unmapped       -> Other                               | heme=- (high)
[309/670] ERLEADA                  (2019) Prostate             -> Prostate Cancer                     | heme=- (high)
[310/670] Gilotrif                 (2018) Lung                 -> Lung Cancers                        | heme=- (high)
[311/670] CALQUENCE                (2019) Lymphoma             -> Hematological Malignancies          | heme=Chronic Lymphocytic Leukemia/Small Lymphocytic Lymphoma (high)
[312/670] REBLOZYL                 (2019) Other/Unmapped       -> Other                               | heme=- (high)
[313/670] BRUKINSA                 (2019) Lymphoma             -> Hematological Malignancies          | heme=B-Cell Lymphomas (high)
[314/670]                          (2019) Lymphoma             -> Other                               | heme=- (high)
[315/670] DARZALEX                 (2019) Multiple Myeloma     -> Hematological Malignancies          | heme=Multiple Myeloma (high)
[316/670] ROZLYTREK                (2019) Other/Unmapped       -> Lung Cancers                        | heme=- (high)
[317/670] TURALIO™                 (2019) Other/Unmapped       -> Soft Tissue Cancers (including Heart) | heme=- (high)
[318/670] INREBIC                  (2019) Other/Unmapped       -> Hematological Malignancies          | heme=Myeloproliferative Neoplasms (high)
[319/670] ZEJULA                   (2019) Other/Unmapped       -> Gynecological Cancers               | heme=- (high)
[320/670] NUBEQA                   (2019) Prostate             -> Prostate Cancer                     | heme=- (high)
[321/670] XPOVIO                   (2019) Multiple Myeloma     -> Hematological Malignancies          | heme=Multiple Myeloma (high)
[322/670] KEYTRUDA                 (2019) Other/Unmapped       -> Gastric (Stomach) Cancer            | heme=- (high)
[323/670] POLIVY                   (2019) Lymphoma             -> Hematological Malignancies          | heme=B-Cell Lymphomas (high)
[324/670] KEYTRUDA                 (2019) Head and Neck        -> Head and Neck Cancers               | heme=- (high)
[325/670] XOSPATA                  (2019) Leukemia             -> Hematological Malignancies          | heme=Acute Myeloid Leukemia (high)
[326/670] PIQRAY                   (2019) Breast               -> Breast Cancer                       | heme=- (high)
[327/670] REVLIMID                 (2019) Lymphoma             -> Hematological Malignancies          | heme=B-Cell Lymphomas (high)
[328/670] CYRAMZA                  (2019) Liver                -> Liver and Bile Duct Cancers         | heme=- (high)
[329/670] JAKAFI                   (2019) Other/Unmapped       -> Hematological Malignancies          | heme=- (high)
[330/670] FRAGMIN                  (2019) Other/Unmapped       -> Other                               | heme=- (high)
[331/670] DARZALEX                 (2019) Multiple Myeloma     -> Hematological Malignancies          | heme=Multiple Myeloma (high)
[332/670] KEYTRUDA                 (2019) Lung                 -> Lung Cancers                        | heme=- (high)
[333/670] BAVENCIO                 (2019) Renal                -> Kidney (Renal) and Urethral Cancers | heme=- (high)
[334/670] VENCLEXTA                (2019) Lymphoma             -> Hematological Malignancies          | heme=Chronic Lymphocytic Leukemia/Small Lymphocytic Lymphoma (high)
[335/670] TECENTRIQ                (2019) Lung                 -> Lung Cancers                        | heme=- (high)
[336/670] KEYTRUDA                 (2019) Renal                -> Kidney (Renal) and Urethral Cancers | heme=- (high)
[337/670] TIBSOVO                  (2019) Leukemia             -> Hematological Malignancies          | heme=Acute Myeloid Leukemia (high)
[338/670] LONSURF                  (2019) Gastric/GI           -> Gastric (Stomach) Cancer            | heme=- (high)
[339/670] CABLIVI                  (2019) Other/Unmapped       -> Other                               | heme=- (high)
[340/670] BALVERSA                 (2019) Bladder              -> Kidney (Renal) and Urethral Cancers | heme=- (high)
[341/670] CABOMETYX                (2019) Liver                -> Liver and Bile Duct Cancers         | heme=- (high)
[342/670] Herceptin Hylecta        (2019) Breast               -> Breast Cancer                       | heme=- (high)
[343/670] TECENTRIQ                (2019) Breast               -> Breast Cancer                       | heme=- (high)
[344/670] KEYTRUDA                 (2019) Lung                 -> Lung Cancers                        | heme=- (high)
[345/670] KEYTRUDA                 (2019) Melanoma/Skin        -> Skin Cancers                        | heme=- (high)
[346/670] MARGENZA                 (2020) Breast               -> Breast Cancer                       | heme=- (high)
[347/670] TAGRISSO                 (2020) Lung                 -> Lung Cancers                        | heme=- (high)
[348/670] KEYTRUDA                 (2020) Breast               -> Breast Cancer                       | heme=- (high)
[349/670] KADCYLA                  (2019) Breast               -> Breast Cancer                       | heme=- (high)
[350/670] ORGOVYX                  (2020) Prostate             -> Prostate Cancer                     | heme=- (high)
[351/670] VITRAKVI                 (2020) Other/Unmapped       -> Other                               | heme=- (high)
[352/670] VENCLEXTA                (2020) Leukemia             -> Hematological Malignancies          | heme=Acute Myeloid Leukemia (high)
[353/670] Sonalleve MR-HIFU system (2020) Other/Unmapped       -> Bone and Joint Cancers              | heme=- (high)
[354/670] GAVRETO                  (2020) Lung                 -> Lung Cancers                        | heme=- (high)
[355/670] ONUREG                   (2020) Leukemia             -> Hematological Malignancies          | heme=Acute Myeloid Leukemia (high)
[356/670] Tecentriq                (2020) Melanoma/Skin        -> Skin Cancers                        | heme=- (high)
[357/670] KEYTRUDA                 (2020) Other/Unmapped       -> Hematological Malignancies          | heme=- (high)
[358/670] Tecentriq                (2020) Breast               -> Breast Cancer                       | heme=- (high)
[359/670] FoundationOne Liquid CDx (2020) Ovarian              -> Gynecological Cancers               | heme=- (high)
[360/670] TECARTUS                 (2020) Lymphoma             -> Hematological Malignancies          | heme=B-Cell Lymphomas (high)
[361/670] RUBRACA                  (2020) Prostate             -> Prostate Cancer                     | heme=- (high)
[362/670] KYPROLIS and DARZALEX    (2020) Multiple Myeloma     -> Hematological Malignancies          | heme=Multiple Myeloma (high)
[363/670] MONJUVI                  (2020) Lymphoma             -> Hematological Malignancies          | heme=B-Cell Lymphomas (high)
[364/670] INQOVI                   (2020) Myelodysplastic Syndrome -> Hematological Malignancies          | heme=Myelodysplastic Syndromes (high)
[365/670] PHESGO                   (2020) Breast               -> Breast Cancer                       | heme=- (high)
[366/670] BAVENCIO                 (2020) Bladder              -> Kidney (Renal) and Urethral Cancers | heme=- (high)
[367/670] KEYTRUDA                 (2020) Other/Unmapped       -> Skin Cancers                        | heme=- (high)
[368/670] XPOVIO                   (2020) Lymphoma             -> Hematological Malignancies          | heme=B-Cell Lymphomas (high)
[369/670] TAZVERIK                 (2020) Lymphoma             -> Hematological Malignancies          | heme=B-Cell Lymphomas (high)
[370/670] OPDIVO                   (2020) Other/Unmapped       -> Gastric (Stomach) Cancer            | heme=- (high)
[371/670] ZEPZELCA                 (2020) Lung                 -> Lung Cancers                        | heme=- (high)
[372/670] MYLOTARG                 (2020) Leukemia             -> Hematological Malignancies          | heme=Acute Myeloid Leukemia (high)
[373/670] XPOVIO                   (2020) Multiple Myeloma     -> Hematological Malignancies          | heme=Multiple Myeloma (high)
[374/670] CYRAMZA                  (2020) Lung                 -> Lung Cancers                        | heme=- (high)
[375/670] KEYTRUDA                 (2020) Other/Unmapped       -> Other                               | heme=- (high)
[376/670] RUBRACA                  (2020) Prostate             -> Prostate Cancer                     | heme=- (high)
[377/670] OPDIVO, YERVOY           (2020) Lung                 -> Lung Cancers                        | heme=- (high)
[378/670] TECENTRIQ and AVASTIN    (2020) Liver                -> Liver and Bile Duct Cancers         | heme=- (high)
[379/670] QINLOCK                  (2020) Sarcoma              -> Soft Tissue Cancers (including Heart) | heme=- (high)
[380/670] LYNPARZA                 (2020) Prostate             -> Prostate Cancer                     | heme=- (high)
[381/670] TECENTRIQ                (2020) Lung                 -> Lung Cancers                        | heme=- (high)
[382/670] RETEVMO                  (2020) Lung                 -> Lung Cancers                        | heme=- (high)
[383/670] POMALYST                 (2020) Sarcoma              -> Other                               | heme=- (high)
[384/670] PEMAZYRE                 (2020) Other/Unmapped       -> Liver and Bile Duct Cancers         | heme=- (high)
[385/670] OPDIVO, YERVOY           (2020) Lung                 -> Lung Cancers                        | heme=- (high)
[386/670] ZEJULA                   (2020) Other/Unmapped       -> Gynecological Cancers               | heme=- (high)
[387/670] IMBRUVICA                (2020) Lymphoma             -> Hematological Malignancies          | heme=Chronic Lymphocytic Leukemia/Small Lymphocytic Lymphoma (high)
[388/670] DARZALEX FASPRO          (2020) Multiple Myeloma     -> Hematological Malignancies          | heme=Multiple Myeloma (high)
[389/670] TABRECTA                 (2020) Lung                 -> Lung Cancers                        | heme=- (high)
[390/670] TRODELVY                 (2020) Breast               -> Breast Cancer                       | heme=- (high)
[391/670] TUKYSA                   (2020) Breast               -> Breast Cancer                       | heme=- (high)
[392/670] BRAFTOVI                 (2020) Colorectal           -> Colorectal Cancer                   | heme=- (high)
[393/670] JELMYTO                  (2020) Other/Unmapped       -> Kidney (Renal) and Urethral Cancers | heme=- (high)
[394/670] KEYTRUDA                 (2020) Leukemia             -> Other                               | heme=- (high)
[395/670] REBLOZYL                 (2020) Myelodysplastic Syndrome -> Hematological Malignancies          | heme=Myelodysplastic Syndromes (high)
[396/670] NERLYNX                  (2020) Breast               -> Breast Cancer                       | heme=- (high)
[397/670] OPDIVO, YERVOY           (2020) Liver                -> Liver and Bile Duct Cancers         | heme=- (high)
[398/670] SARCLISA                 (2020) Multiple Myeloma     -> Hematological Malignancies          | heme=Multiple Myeloma (high)
[399/670] Orencia                  (2021) Other/Unmapped       -> Other                               | heme=- (high)
[400/670] Keytruda                 (2021) Melanoma/Skin        -> Skin Cancers                        | heme=- (high)
[401/670] TAZVERIK                 (2020) Sarcoma              -> Soft Tissue Cancers (including Heart) | heme=- (high)
[402/670] AYVAKIT                  (2020) Sarcoma              -> Soft Tissue Cancers (including Heart) | heme=- (high)
[403/670] Cytalux                  (2021) Ovarian              -> Gynecological Cancers               | heme=- (high)
[404/670] KOSELUGO                 (2020) Other/Unmapped       -> Specific Syndromes                  | heme=- (high)
[405/670] KEYTRUDA                 (2020) Bladder              -> Kidney (Renal) and Urethral Cancers | heme=- (high)
[406/670] IMFINZI                  (2020) Lung                 -> Lung Cancers                        | heme=- (high)
[407/670] Rituxan                  (2021) Lymphoma             -> Pediatric Cancers                   | heme=- (high)
[408/670] Darzalex Faspro and Kypr (2021) Multiple Myeloma     -> Hematological Malignancies          | heme=Multiple Myeloma (high)
[409/670] Keytruda                 (2021) Renal                -> Kidney (Renal) and Urethral Cancers | heme=- (high)
[410/670] Fyarro                   (2021) Other/Unmapped       -> Soft Tissue Cancers (including Heart) | heme=- (high)
[411/670]                          (2021) Other/Unmapped       -> Other                               | heme=- (high)
[412/670] Verzenio                 (2021) Breast               -> Breast Cancer                       | heme=- (high)
[413/670] Tecentriq                (2021) Lung                 -> Lung Cancers                        | heme=- (high)
[414/670] Tecartus                 (2021) Leukemia             -> Hematological Malignancies          | heme=- (high)
[415/670] Keytruda                 (2021) Cervical             -> Gynecological Cancers               | heme=- (high)
[416/670] Cabometyx                (2021) Thyroid              -> Thyroid Cancer                      | heme=- (high)
[417/670] Brukinsa                 (2021) Lymphoma             -> Hematological Malignancies          | heme=B-Cell Lymphomas (high)
[418/670] Tibsovo                  (2021) Other/Unmapped       -> Liver and Bile Duct Cancers         | heme=- (high)
[419/670] Jakafi                   (2021) Other/Unmapped       -> Hematological Malignancies          | heme=- (high)
[420/670] Scemblix                 (2021) Leukemia             -> Hematological Malignancies          | heme=- (high)
[421/670] Tivdak                   (2021) Cervical             -> Gynecological Cancers               | heme=- (high)
[422/670] Lenvima, Keytruda        (2021) Renal                -> Kidney (Renal) and Urethral Cancers | heme=- (high)
[423/670] Brukinsa                 (2021) Other/Unmapped       -> Hematological Malignancies          | heme=B-Cell Lymphomas (high)
[424/670] Exkivity                 (2021) Lung                 -> Lung Cancers                        | heme=- (high)
[425/670] Keytruda and Lenvima     (2021) Other/Unmapped       -> Gynecological Cancers               | heme=- (high)
[426/670] Welireg                  (2021) Renal                -> Specific Syndromes                  | heme=- (high)
[427/670] Keytruda                 (2021) Breast               -> Breast Cancer                       | heme=- (high)
[428/670] Truseltiq                (2021) Other/Unmapped       -> Liver and Bile Duct Cancers         | heme=- (high)
[429/670] Rezurock                 (2021) Other/Unmapped       -> Hematological Malignancies          | heme=- (high)
[430/670] Padcev                   (2021) Other/Unmapped       -> Kidney (Renal) and Urethral Cancers | heme=- (high)
[431/670] Darzalex Faspro          (2021) Multiple Myeloma     -> Hematological Malignancies          | heme=Multiple Myeloma (high)
[432/670] Ayvakit                  (2021) Leukemia             -> Hematological Malignancies          | heme=Systemic Mastocytosis (high)
[433/670] Lumakras                 (2021) Lung                 -> Lung Cancers                        | heme=- (high)
[434/670] Rylaze                   (2021) Lymphoma             -> Hematological Malignancies          | heme=- (high)
[435/670] Opdivo                   (2021) Gastric/GI           -> Gastric (Stomach) Cancer            | heme=- (high)
[436/670] Jemperli                 (2021) Other/Unmapped       -> Other                               | heme=- (high)
[437/670] Rybrevant                (2021) Lung                 -> Lung Cancers                        | heme=- (high)
[438/670] Keytruda                 (2021) Gastric/GI           -> Gastric (Stomach) Cancer            | heme=- (high)
[439/670] Jemperli                 (2021) Other/Unmapped       -> Gynecological Cancers               | heme=- (high)
[440/670] Zynlonta                 (2021) Lymphoma             -> Hematological Malignancies          | heme=B-Cell Lymphomas (high)
[441/670] Sarclisa                 (2021) Multiple Myeloma     -> Hematological Malignancies          | heme=Multiple Myeloma (high)
[442/670] Opdivo                   (2021) Gastric/GI           -> Gastric (Stomach) Cancer            | heme=- (high)
[443/670] Yescarta                 (2021) Lymphoma             -> Hematological Malignancies          | heme=B-Cell Lymphomas (high)
[444/670] Trodelvy                 (2021) Other/Unmapped       -> Kidney (Renal) and Urethral Cancers | heme=- (high)
[445/670] Keytruda                 (2021) Gastric/GI           -> Gastric (Stomach) Cancer            | heme=- (high)
[446/670] Fotivda                  (2021) Renal                -> Kidney (Renal) and Urethral Cancers | heme=- (high)
[447/670] Abecma                   (2021) Multiple Myeloma     -> Hematological Malignancies          | heme=Multiple Myeloma (high)
[448/670] Lorbrena                 (2021) Lymphoma             -> Lung Cancers                        | heme=- (high)
[449/670] Libtayo                  (2021) Other/Unmapped       -> Skin Cancers                        | heme=- (high)
[450/670] Libtayo                  (2021) Lung                 -> Lung Cancers                        | heme=- (high)
[451/670] Erbitux                  (2021) Colorectal           -> Colorectal Cancer                   | heme=- (high)
[452/670] Trodelvy                 (2021) Breast               -> Breast Cancer                       | heme=- (high)
[453/670] Ukoniq                   (2021) Other/Unmapped       -> Hematological Malignancies          | heme=B-Cell Lymphomas (high)
[454/670] Tepmetko                 (2021) Lung                 -> Lung Cancers                        | heme=- (high)
[455/670] Pepaxto                  (2021) Multiple Myeloma     -> Hematological Malignancies          | heme=Multiple Myeloma (high)
[456/670] Breyanzi                 (2021) Lymphoma             -> Hematological Malignancies          | heme=B-Cell Lymphomas (high)
[457/670] Opdivo and Cabometyx     (2021) Renal                -> Kidney (Renal) and Urethral Cancers | heme=- (high)
[458/670] Darzalex Faspro          (2021) Other/Unmapped       -> Hematological Malignancies          | heme=- (high)
[459/670] Xalkori                  (2021) Lymphoma             -> Hematological Malignancies          | heme=- (high)
[460/670] Xeloda                   (2022) Other/Unmapped       -> Other                               | heme=- (high)
[461/670] Tecentriq                (2022) Sarcoma              -> Soft Tissue Cancers (including Heart) | heme=- (high)
[462/670] Enhertu                  (2021) Gastric/GI           -> Gastric (Stomach) Cancer            | heme=- (high)
[463/670] Imjudo                   (2022) Lymphoma             -> Lung Cancers                        | heme=- (high)
[464/670] Lunsumio                 (2022) Lymphoma             -> Hematological Malignancies          | heme=B-Cell Lymphomas (high)
[465/670] Adcetris                 (2022) Lymphoma             -> Hematological Malignancies          | heme=- (high)
[466/670] Adstiladrin              (2022) Bladder              -> Kidney (Renal) and Urethral Cancers | heme=- (high)
[467/670] Krazati                  (2022) Lung                 -> Lung Cancers                        | heme=- (high)
[468/670] Rylaze                   (2022) Lymphoma             -> Hematological Malignancies          | heme=- (high)
[469/670] Rezlidhia                (2022) Leukemia             -> Hematological Malignancies          | heme=Acute Myeloid Leukemia (high)
[470/670] Elahere                  (2022) Other/Unmapped       -> Gynecological Cancers               | heme=- (high)
[471/670] Libtayo                  (2022) Lung                 -> Lung Cancers                        | heme=- (high)
[472/670] Pedmark                  (2022) Other/Unmapped       -> Other                               | heme=- (high)
[473/670] Lytgobi                  (2022) Other/Unmapped       -> Liver and Bile Duct Cancers         | heme=- (high)
[474/670] Retevmo                  (2022) Other/Unmapped       -> Other                               | heme=- (high)
[475/670] Tabrecta                 (2022) Lung                 -> Lung Cancers                        | heme=- (high)
[476/670] Pemazyre                 (2022) Other/Unmapped       -> Hematological Malignancies          | heme=- (high)
[477/670] Retevmo                  (2022) Lung                 -> Lung Cancers                        | heme=- (high)
[478/670] Imjudo                   (2022) Liver                -> Liver and Bile Duct Cancers         | heme=- (high)
[479/670] Imfinzi                  (2022) Other/Unmapped       -> Liver and Bile Duct Cancers         | heme=- (high)
[480/670] Tecvayli                 (2022) Multiple Myeloma     -> Hematological Malignancies          | heme=Multiple Myeloma (high)
[481/670] Imbruvica                (2022) Other/Unmapped       -> Other                               | heme=- (high)
[482/670] Enhertu                  (2022) Lung                 -> Lung Cancers                        | heme=- (high)
[483/670] Nubeqa                   (2022) Prostate             -> Prostate Cancer                     | heme=- (high)
[484/670] Enhertu                  (2022) Breast               -> Breast Cancer                       | heme=- (high)
[485/670] Opdivo                   (2022) Other/Unmapped       -> Gastric (Stomach) Cancer            | heme=- (high)
[486/670] Xalkori                  (2022) Lymphoma             -> Soft Tissue Cancers (including Heart) | heme=- (high)
[487/670] Enhertu                  (2022) Breast               -> Breast Cancer                       | heme=- (high)
[488/670] Tibsovo                  (2022) Leukemia             -> Hematological Malignancies          | heme=Acute Myeloid Leukemia (high)
[489/670] Tafinlar, Mekinist       (2022) Other/Unmapped       -> Other                               | heme=- (high)
[490/670] Kymriah                  (2022) Lymphoma             -> Hematological Malignancies          | heme=B-Cell Lymphomas (high)
[491/670] Vidaza                   (2022) Leukemia             -> Hematological Malignancies          | heme=- (high)
[492/670] Breyanzi                 (2022) Lymphoma             -> Hematological Malignancies          | heme=B-Cell Lymphomas (high)
[493/670] Vijoice                  (2022) Other/Unmapped       -> Other                               | heme=- (high)
[494/670] Opdualag                 (2022) Melanoma/Skin        -> Skin Cancers                        | heme=- (high)
[495/670] Lynparza                 (2022) Breast               -> Breast Cancer                       | heme=- (high)
[496/670] Pluvicto                 (2022) Prostate             -> Prostate Cancer                     | heme=- (high)
[497/670] Opdivo                   (2022) Lung                 -> Lung Cancers                        | heme=- (high)
[498/670] Kimmtrak                 (2022) Melanoma/Skin        -> Ocular Cancers                      | heme=- (high)
[499/670] CARVYKTI                 (2022) Multiple Myeloma     -> Hematological Malignancies          | heme=Multiple Myeloma (high)
[500/670] Xtandi                   (2023) Prostate             -> Prostate Cancer                     | heme=- (high)
[501/670] OGSIVEO                  (2023) Other/Unmapped       -> Soft Tissue Cancers (including Heart) | heme=- (high)
[502/670] Welireg                  (2023) Renal                -> Kidney (Renal) and Urethral Cancers | heme=- (high)
[503/670] Jaypirca                 (2023) Lymphoma             -> Hematological Malignancies          | heme=Chronic Lymphocytic Leukemia/Small Lymphocytic Lymphoma (high)
[504/670] Yescarta                 (2022) Lymphoma             -> Hematological Malignancies          | heme=B-Cell Lymphomas (high)
[505/670] Truqap                   (2023) Breast               -> Breast Cancer                       | heme=- (high)
[506/670] IWILFIN                  (2023) Neuroblastoma        -> Pediatric Cancers                   | heme=- (high)
[507/670] Padcev                   (2023) Other/Unmapped       -> Kidney (Renal) and Urethral Cancers | heme=- (high)
[508/670] Keytruda                 (2022) Other/Unmapped       -> Gynecological Cancers               | heme=- (high)
[509/670] Augtyro                  (2023) Lung                 -> Lung Cancers                        | heme=- (high)
[510/670] Keytruda                 (2023) Gastric/GI           -> Gastric (Stomach) Cancer            | heme=- (high)
[511/670] Fruzaqla                 (2023) Colorectal           -> Colorectal Cancer                   | heme=- (high)
[512/670] Keytruda                 (2023) Gastric/GI           -> Gastric (Stomach) Cancer            | heme=- (high)
[513/670] Keytruda                 (2023) Lung                 -> Lung Cancers                        | heme=- (high)
[514/670] Rozlytrek                (2023) Other/Unmapped       -> Pediatric Cancers                   | heme=- (high)
[515/670] Keytruda                 (2023) Other/Unmapped       -> Liver and Bile Duct Cancers         | heme=- (high)
[516/670] LOQTORZ                  (2023) Other/Unmapped       -> Head and Neck Cancers               | heme=- (high)
[517/670] Tibsovo                  (2023) Myelodysplastic Syndrome -> Hematological Malignancies          | heme=Myelodysplastic Syndromes (high)
[518/670] Temodar                  (2023) Other/Unmapped       -> Brain and Other Nervous System      | heme=- (high)
[519/670] Braftovi and Mektovi     (2023) Lung                 -> Lung Cancers                        | heme=- (high)
[520/670] HEPZATO KIT              (2023) Melanoma/Skin        -> Ocular Cancers                      | heme=- (high)
[521/670] Bosulif                  (2023) Leukemia             -> Hematological Malignancies          | heme=- (high)
[522/670] Gavreto                  (2023) Lung                 -> Lung Cancers                        | heme=- (high)
[523/670] Akeega                   (2023) Prostate             -> Prostate Cancer                     | heme=- (high)
[524/670] LONSURF                  (2023) Colorectal           -> Colorectal Cancer                   | heme=- (high)
[525/670] Opdivo                   (2023) Melanoma/Skin        -> Skin Cancers                        | heme=- (high)
[526/670] Talvey                   (2023) Multiple Myeloma     -> Hematological Malignancies          | heme=Multiple Myeloma (high)
[527/670] Elrexfio                 (2023) Multiple Myeloma     -> Hematological Malignancies          | heme=Multiple Myeloma (high)
[528/670] Jemperli                 (2023) Other/Unmapped       -> Gynecological Cancers               | heme=- (high)
[529/670] Columvi                  (2023) Lymphoma             -> Hematological Malignancies          | heme=B-Cell Lymphomas (high)
[530/670] Talzenna                 (2023) Prostate             -> Prostate Cancer                     | heme=- (high)
[531/670] Tafinlar, Mekinist       (2023) CNS/Brain            -> Pediatric Cancers                   | heme=- (high)
[532/670] Zynyz                    (2023) Other/Unmapped       -> Skin Cancers                        | heme=- (high)
[533/670] Vanflyta                 (2023) Leukemia             -> Hematological Malignancies          | heme=Acute Myeloid Leukemia (high)
[534/670] Omisirge                 (2023) Other/Unmapped       -> Hematological Malignancies          | heme=- (high)
[535/670] Lynparza                 (2023) Prostate             -> Prostate Cancer                     | heme=- (high)
[536/670] Epkinly                  (2023) Lymphoma             -> Hematological Malignancies          | heme=B-Cell Lymphomas (high)
[537/670] Verzenio                 (2023) Breast               -> Breast Cancer                       | heme=- (high)
[538/670] Orserdu                  (2023) Breast               -> Breast Cancer                       | heme=- (high)
[539/670] Brukinsa                 (2023) Lymphoma             -> Hematological Malignancies          | heme=Chronic Lymphocytic Leukemia/Small Lymphocytic Lymphoma (high)
[540/670] Trodelvy                 (2023) Breast               -> Breast Cancer                       | heme=- (high)
[541/670] Jemperli                 (2023) Other/Unmapped       -> Gynecological Cancers               | heme=- (high)
[542/670] Jaypirca                 (2023) Lymphoma             -> Hematological Malignancies          | heme=B-Cell Lymphomas (high)
[543/670] Braftovi                 (2024) Colorectal           -> Colorectal Cancer                   | heme=- (high)
[544/670] Keytruda                 (2023) Lung                 -> Lung Cancers                        | heme=- (high)
[545/670] Ryoncil                  (2024) Other/Unmapped       -> Hematological Malignancies          | heme=- (high)
[546/670] Padcev, Keytruda         (2023) Bladder              -> Kidney (Renal) and Urethral Cancers | heme=- (high)
[547/670] Opdivo Qvantig           (2024) Lung                 -> Lung Cancers                        | heme=- (medium)
[548/670] Ensacove                 (2024) Lymphoma             -> Lung Cancers                        | heme=- (high)
[549/670] Tukysa                   (2023) Colorectal           -> Colorectal Cancer                   | heme=- (high)
[550/670] Imfinzi                  (2024) Lung                 -> Lung Cancers                        | heme=- (high)
[551/670] Ziihera                  (2024) Other/Unmapped       -> Liver and Bile Duct Cancers         | heme=- (high)
[552/670] Fludarabine Phosphate In (2024) Other/Unmapped       -> Hematological Malignancies          | heme=- (high)
[553/670] Scemblix                 (2024) Leukemia             -> Hematological Malignancies          | heme=- (high)
[554/670] Unloxcyt                 (2024) Other/Unmapped       -> Skin Cancers                        | heme=- (high)
[555/670] Bizengri                 (2024) Lung                 -> Lung Cancers                        | heme=- (high)
[556/670] Aucatzyl                 (2024) Leukemia             -> Hematological Malignancies          | heme=- (high)
[557/670] Vyloy                    (2024) Gastric/GI           -> Gastric (Stomach) Cancer            | heme=- (high)
[558/670] Itovebi                  (2024) Breast               -> Breast Cancer                       | heme=- (high)
[559/670] Retevmo                  (2024) Thyroid              -> Thyroid Cancer                      | heme=- (high)
[560/670] Tagrisso                 (2024) Lung                 -> Lung Cancers                        | heme=- (high)
[561/670] Sarclisa                 (2024) Multiple Myeloma     -> Hematological Malignancies          | heme=Multiple Myeloma (high)
[562/670] Opdivo                   (2024) Lymphoma             -> Lung Cancers                        | heme=- (high)
[563/670] Keytruda                 (2024) Other/Unmapped       -> Mesothelioma                        | heme=- (high)
[564/670] Revuforj                 (2024) Leukemia             -> Hematological Malignancies          | heme=- (high)
[565/670] Rybrevant                (2024) Lung                 -> Lung Cancers                        | heme=- (high)
[566/670] Kisqali                  (2024) Breast               -> Breast Cancer                       | heme=- (high)
[567/670] Tecentriq Hybreza        (2024) Lung                 -> Lung Cancers                        | heme=- (high)
[568/670] Imfinzi                  (2024) Lung                 -> Lung Cancers                        | heme=- (high)
[569/670] Voranigo                 (2024) Other/Unmapped       -> Brain and Other Nervous System      | heme=- (high)
[570/670] Niktimvo                 (2024) Other/Unmapped       -> Other                               | heme=- (high)
[571/670] TECELRA                  (2024) Sarcoma              -> Soft Tissue Cancers (including Heart) | heme=- (high)
[572/670] Epkinly                  (2024) Lymphoma             -> Hematological Malignancies          | heme=B-Cell Lymphomas (high)
[573/670] Keytruda                 (2024) Other/Unmapped       -> Gynecological Cancers               | heme=- (high)
[574/670] Lazcluze and Rybrevant   (2024) Lung                 -> Lung Cancers                        | heme=- (high)
[575/670] Blincyto                 (2024) Leukemia             -> Hematological Malignancies          | heme=- (high)
[576/670] Jemperli                 (2024) Other/Unmapped       -> Gynecological Cancers               | heme=- (high)
[577/670] Darzalex Faspro          (2024) Multiple Myeloma     -> Hematological Malignancies          | heme=Multiple Myeloma (high)
[578/670] Krazati                  (2024) Colorectal           -> Colorectal Cancer                   | heme=- (high)
[579/670] Imfinzi                  (2024) Other/Unmapped       -> Gynecological Cancers               | heme=- (high)
[580/670] Rytelo                   (2024) Myelodysplastic Syndrome -> Hematological Malignancies          | heme=Myelodysplastic Syndromes (high)
[581/670] Retevmo                  (2024) Other/Unmapped       -> Thyroid Cancer                      | heme=- (high)
[582/670] Breyanzi                 (2024) Lymphoma             -> Hematological Malignancies          | heme=B-Cell Lymphomas (high)
[583/670] Retevmo                  (2024) Thyroid              -> Thyroid Cancer                      | heme=- (high)
[584/670] AUGTYRO                  (2024) Other/Unmapped       -> Other                               | heme=- (high)
[585/670] Breyanzi                 (2024) Lymphoma             -> Hematological Malignancies          | heme=B-Cell Lymphomas (high)
[586/670] Lutathera                (2024) Other/Unmapped       -> Adrenal Cancer and Neuroendocrine Tumors | heme=- (high)
[587/670] Ojemda                   (2024) CNS/Brain            -> Pediatric Cancers                   | heme=- (high)
[588/670] Imdelltra                (2024) Lung                 -> Lung Cancers                        | heme=- (high)
[589/670] Alecensa                 (2024) Lymphoma             -> Lung Cancers                        | heme=- (high)
[590/670] Anktiva                  (2024) Bladder              -> Kidney (Renal) and Urethral Cancers | heme=- (high)
[591/670] Tivdak                   (2024) Cervical             -> Gynecological Cancers               | heme=- (high)
[592/670] Enhertu                  (2024) Other/Unmapped       -> Other                               | heme=- (high)
[593/670]                          (2024) Other/Unmapped       -> Other                               | heme=- (high)
[594/670] Elahere                  (2024) Other/Unmapped       -> Gynecological Cancers               | heme=- (high)
[595/670] Iclusig                  (2024) Leukemia             -> Hematological Malignancies          | heme=- (high)
[596/670] Opdivo                   (2024) Bladder              -> Kidney (Renal) and Urethral Cancers | heme=- (high)
[597/670] Tagrisso                 (2024) Lung                 -> Lung Cancers                        | heme=- (high)
[598/670] Brukinsa                 (2024) Lymphoma             -> Hematological Malignancies          | heme=B-Cell Lymphomas (high)
[599/670] Besponsa                 (2024) Leukemia             -> Pediatric Cancers                   | heme=- (high)
[600/670] Tepmetko                 (2024) Lung                 -> Lung Cancers                        | heme=- (high)
[601/670] Rybrevant                (2024) Lung                 -> Lung Cancers                        | heme=- (high)
[602/670] Onivyde                  (2024) Other/Unmapped       -> Other                               | heme=- (high)
[603/670] Opdivo                   (2021) Bladder              -> Kidney (Renal) and Urethral Cancers | heme=- (high)
[604/670] Amtagvi                  (2024) Melanoma/Skin        -> Skin Cancers                        | heme=- (high)
[605/670] Rybrevant Faspro         (2025) Lung                 -> Lung Cancers                        | heme=- (high)
[606/670] Balversa                 (2024) Bladder              -> Kidney (Renal) and Urethral Cancers | heme=- (high)
[607/670] Enhertu                  (2025) Breast               -> Breast Cancer                       | heme=- (high)
[608/670] Akeega                   (2025) Prostate             -> Prostate Cancer                     | heme=- (high)
[609/670] Keytruda                 (2024) Cervical             -> Gynecological Cancers               | heme=- (high)
[610/670] Rubraca                  (2025) Prostate             -> Prostate Cancer                     | heme=- (high)
[611/670] Breyanzi                 (2025) Lymphoma             -> Hematological Malignancies          | heme=B-Cell Lymphomas (high)
[612/670] KOSELUGO                 (2025) Other/Unmapped       -> Specific Syndromes                  | heme=- (high)
[613/670] Poherdy                  (2025) Breast               -> Breast Cancer                       | heme=- (high)
[614/670] Darzalex Faspro          (2025) Other/Unmapped       -> Hematological Malignancies          | heme=- (high)
[615/670] Hyrnuo                   (2025) Lung                 -> Lung Cancers                        | heme=- (high)
[616/670] Imfinzi                  (2025) Gastric/GI           -> Gastric (Stomach) Cancer            | heme=- (high)
[617/670] Jaypirca                 (2025) Lymphoma             -> Hematological Malignancies          | heme=Chronic Lymphocytic Leukemia/Small Lymphocytic Lymphoma (high)
[618/670] Komzifti                 (2025) Leukemia             -> Hematological Malignancies          | heme=Acute Myeloid Leukemia (high)
[619/670] Imdelltra                (2025) Lung                 -> Lung Cancers                        | heme=- (high)
[620/670] Keytruda, Keytruda Qlex, (2025) Bladder              -> Kidney (Renal) and Urethral Cancers | heme=- (high)
[621/670] Darzalex Faspro          (2025) Multiple Myeloma     -> Hematological Malignancies          | heme=Multiple Myeloma (high)
[622/670] Epkinly                  (2025) Lymphoma             -> Hematological Malignancies          | heme=B-Cell Lymphomas (high)
[623/670] Libtayo                  (2025) Other/Unmapped       -> Skin Cancers                        | heme=- (high)
[624/670] Blenrep                  (2025) Multiple Myeloma     -> Hematological Malignancies          | heme=Multiple Myeloma (high)
[625/670] Revuforj                 (2025) Leukemia             -> Hematological Malignancies          | heme=Acute Myeloid Leukemia (high)
[626/670] Keytruda Qlex            (2025) Other/Unmapped       -> Lung Cancers                        | heme=- (high)
[627/670] Inlexzo                  (2025) Bladder              -> Kidney (Renal) and Urethral Cancers | heme=- (high)
[628/670] KOSELUGO                 (2025) Other/Unmapped       -> Specific Syndromes                  | heme=- (high)
[629/670] Inluriyo                 (2025) Breast               -> Breast Cancer                       | heme=- (high)
[630/670] Hernexeos                (2025) Lung                 -> Lung Cancers                        | heme=- (high)
[631/670] Modeyso                  (2025) CNS/Brain            -> Brain and Other Nervous System      | heme=- (high)
[632/670] Monjuvi                  (2025) Lymphoma             -> Hematological Malignancies          | heme=B-Cell Lymphomas (high)
[633/670] Nubeqa                   (2025) Prostate             -> Prostate Cancer                     | heme=- (high)
[634/670] Zusduri                  (2025) Bladder              -> Kidney (Renal) and Urethral Cancers | heme=- (high)
[635/670] Keytruda                 (2025) Head and Neck        -> Head and Neck Cancers               | heme=- (high)
[636/670] Zegfrovy                 (2025) Lung                 -> Lung Cancers                        | heme=- (high)
[637/670] Lynozyfic                (2025) Multiple Myeloma     -> Hematological Malignancies          | heme=Multiple Myeloma (high)
[638/670] Ibtrozi                  (2025) Lung                 -> Lung Cancers                        | heme=- (high)
[639/670] Emrelis                  (2025) Lung                 -> Lung Cancers                        | heme=- (high)
[640/670] Zepzelca                 (2025) Lung                 -> Lung Cancers                        | heme=- (high)
[641/670] Zynyz                    (2025) Other/Unmapped       -> Colorectal Cancer                   | heme=- (high)
[642/670] Opdivo, Yervoy           (2025) Colorectal           -> Colorectal Cancer                   | heme=- (high)
[643/670] Avmapki Fakzynja Co-pack (2025) Ovarian              -> Gynecological Cancers               | heme=- (high)
[644/670] Welireg                  (2025) Other/Unmapped       -> Adrenal Cancer and Neuroendocrine Tumors | heme=- (high)
[645/670] Pluvicto                 (2025) Prostate             -> Prostate Cancer                     | heme=- (high)
[646/670] Datroway                 (2025) Lung                 -> Lung Cancers                        | heme=- (high)
[647/670] Opdivo and Yervoy        (2025) Liver                -> Liver and Bile Duct Cancers         | heme=- (high)
[648/670] Imfinzi                  (2025) Bladder              -> Kidney (Renal) and Urethral Cancers | heme=- (high)
[649/670] Gomekli                  (2025) Other/Unmapped       -> Specific Syndromes                  | heme=- (high)
[650/670]                          (2025) Other/Unmapped       -> Head and Neck Cancers               | heme=- (high)
[651/670] Keytruda                 (2025) Gastric/GI           -> Gastric (Stomach) Cancer            | heme=- (high)
[652/670] Cabometyx                (2025) Other/Unmapped       -> Adrenal Cancer and Neuroendocrine Tumors | heme=- (high)
[653/670] Calquence                (2025) Lymphoma             -> Hematological Malignancies          | heme=B-Cell Lymphomas (high)
[654/670] Lumakras and Vectibix    (2025) Colorectal           -> Colorectal Cancer                   | heme=- (high)
[655/670] Adcetris                 (2025) Lymphoma             -> Hematological Malignancies          | heme=B-Cell Lymphomas (high)
[656/670] Grafapex                 (2025) Leukemia             -> Hematological Malignancies          | heme=Acute Myeloid Leukemia (high)
[657/670] Datroway                 (2025) Breast               -> Breast Cancer                       | heme=- (high)
[658/670] Opdivo                   (2026) Lymphoma             -> Hematological Malignancies          | heme=- (high)
[659/670] Xeloda                   (2025) Leukemia             -> Other                               | heme=- (high)
[660/670] Enhertu                  (2025) Breast               -> Breast Cancer                       | heme=- (high)
[661/670] Hernexeos                (2026) Lung                 -> Lung Cancers                        | heme=- (high)
[662/670] Lifyorli                 (2026) Other/Unmapped       -> Gynecological Cancers               | heme=- (high)
[663/670] Romvimza                 (2025) Other/Unmapped       -> Soft Tissue Cancers (including Heart) | heme=- (high)
[664/670] Tecvayli                 (2026) Multiple Myeloma     -> Hematological Malignancies          | heme=Multiple Myeloma (high)
[665/670] Braftovi                 (2026) Colorectal           -> Colorectal Cancer                   | heme=- (high)
[666/670] Xeloda and 5-FU          (2026) Leukemia             -> Other                               | heme=- (high)
[667/670] Keytruda and Keytruda Ql (2026) Other/Unmapped       -> Gynecological Cancers               | heme=- (high)
[668/670] Calquence, Venclexta     (2026) Lymphoma             -> Hematological Malignancies          | heme=Chronic Lymphocytic Leukemia/Small Lymphocytic Lymphoma (high)
[669/670] Darzalex Faspro          (2026) Multiple Myeloma     -> Hematological Malignancies          | heme=Multiple Myeloma (high)
[670/670] Polivy                   (2023) Lymphoma             -> Hematological Malignancies          | heme=B-Cell Lymphomas (high)

Done. ok=670 err=0 elapsed=95.7s
